#
# A fatal error has been detected by the Java Runtime Environment:
#
#  EXCEPTION_ACCESS_VIOLATION (0xc0000005) at pc=0x00007ffca2a32346, pid=12024, tid=4320
#
# JRE version: OpenJDK Runtime Environment (11.0.13) (build 11.0.13+0-b1751.21-8125866)
# Java VM: OpenJDK 64-Bit Server VM (11.0.13+0-b1751.21-8125866, mixed mode, tiered, compressed oops, g1 gc, windows-amd64)
# Problematic frame:
# V  [jvm.dll+0x192346]
#
# No core dump will be written. Minidumps are not enabled by default on client versions of Windows
#
# If you would like to submit a bug report, please visit:
#   https://bugreport.java.com/bugreport/crash.jsp
#

---------------  S U M M A R Y ------------

Command Line: --add-opens=java.base/java.util=ALL-UNNAMED --add-opens=java.base/java.lang=ALL-UNNAMED --add-opens=java.base/java.lang.invoke=ALL-UNNAMED --add-opens=java.base/java.util=ALL-UNNAMED --add-opens=java.prefs/java.util.prefs=ALL-UNNAMED --add-opens=java.prefs/java.util.prefs=ALL-UNNAMED --add-opens=java.base/java.nio.charset=ALL-UNNAMED --add-opens=java.base/java.net=ALL-UNNAMED --add-opens=java.base/java.util.concurrent.atomic=ALL-UNNAMED -Xmx2048m -Dfile.encoding=UTF-8 -Duser.country=IN -Duser.language=en -Duser.variant org.gradle.launcher.daemon.bootstrap.GradleDaemon 7.4

Host: Intel(R) Core(TM) i3-2100 CPU @ 3.10GHz, 4 cores, 3G,  Windows 10 , 64 bit Build 19041 (10.0.19041.1889)
Time: Mon Oct 17 09:12:06 2022 India Standard Time elapsed time: 1159.051260 seconds (0d 0h 19m 19s)

---------------  T H R E A D  ---------------

Current thread (0x0000022071c33800):  ConcurrentGCThread "G1 Conc#0" [stack: 0x000000b7b9900000,0x000000b7b9a00000] [id=4320]

Stack: [0x000000b7b9900000,0x000000b7b9a00000],  sp=0x000000b7b99ff788,  free space=1021k
Native frames: (J=compiled Java code, j=interpreted, Vv=VM code, C=native code)
V  [jvm.dll+0x192346]


siginfo: EXCEPTION_ACCESS_VIOLATION (0xc0000005), reading address 0x0000000000000008


Register to memory mapping:

RIP=0x00007ffca2a32346 jvm.dll
RAX=0x542112a000148201 is an unknown value
RBX=0x000000008054a4e0 is pointing into object: java.lang.Class 
{0x000000008054a4a0} - klass: 'java/lang/Class'
RCX=0x000000008054a4e0 is pointing into object: java.lang.Class 
{0x000000008054a4a0} - klass: 'java/lang/Class'
RDX=0x000000008054a4e0 is pointing into object: java.lang.Class 
{0x000000008054a4a0} - klass: 'java/lang/Class'
RSP=0x000000b7b99ff788 points into unknown readable memory: 0x00007ffca2b850ba | ba 50 b8 a2 fc 7f 00 00
RBP=0x0000022071c29430 points into unknown readable memory: 0x0000022071c32000 | 00 20 c3 71 20 02 00 00
RSI=0x0000000000000001 is an unknown value
RDI=0x0 is NULL
R8 =0x542112a000148220 is an unknown value
R9 =0x0 is NULL
R10=0x0000022071c29430 points into unknown readable memory: 0x0000022071c32000 | 00 20 c3 71 20 02 00 00
R11=0x0000022076930000 points into unknown readable memory: 0x0000000000000001 | 01 00 00 00 00 00 00 00
R12=0x000000000000000c is an unknown value
R13=0xaaaaaaaaaaaaaaab is an unknown value
R14=0x0 is NULL
R15=0x000000008a028a20 is an oop: java.lang.reflect.Method 
{0x000000008a028a20} - klass: 'java/lang/reflect/Method'


Registers:
RAX=0x542112a000148201, RBX=0x000000008054a4e0, RCX=0x000000008054a4e0, RDX=0x000000008054a4e0
RSP=0x000000b7b99ff788, RBP=0x0000022071c29430, RSI=0x0000000000000001, RDI=0x0000000000000000
R8 =0x542112a000148220, R9 =0x0000000000000000, R10=0x0000022071c29430, R11=0x0000022076930000
R12=0x000000000000000c, R13=0xaaaaaaaaaaaaaaab, R14=0x0000000000000000, R15=0x000000008a028a20
RIP=0x00007ffca2a32346, EFLAGS=0x0000000000010246

Top of Stack: (sp=0x000000b7b99ff788)
0x000000b7b99ff788:   00007ffca2b850ba 000000008054a4e0
0x000000b7b99ff798:   0000000100008ff0 00000000804beb18
0x000000b7b99ff7a8:   000000b7b99ff998 0000000100008ff8
0x000000b7b99ff7b8:   00007ffca2b84f66 0000000100008ff0
0x000000b7b99ff7c8:   000000008054a4e0 0000022071c365a0
0x000000b7b99ff7d8:   000000b7b99ff998 0000000000000000
0x000000b7b99ff7e8:   000000b7b99ff998 000000008a028a78
0x000000b7b99ff7f8:   00007ffca2b7cdcd 000000000000000b
0x000000b7b99ff808:   000000008a028a50 000000008a028a10
0x000000b7b99ff818:   0000000100013d68 000000b7b99ff970
0x000000b7b99ff828:   0000022071c33e01 0000000100008ba0
0x000000b7b99ff838:   00007ffca2b7c681 000000000000000b
0x000000b7b99ff848:   000000b7b99ff998 000000008a028a20
0x000000b7b99ff858:   0000000000000000 000000008a028a20
0x000000b7b99ff868:   00007ffca2b8ac0f 0000022071c365a0
0x000000b7b99ff878:   0000000001420000 000000b7b99ff970 

Instructions: (pc=0x00007ffca2a32346)
0x00007ffca2a32246:   48 89 5c 24 20 e8 f0 00 00 00 80 7f 30 00 48 63
0x00007ffca2a32256:   c8 48 89 4c 24 28 0f 28 44 24 20 74 17 0f 11 86
0x00007ffca2a32266:   98 03 00 00 48 8b 5c 24 40 48 8b 74 24 48 48 83
0x00007ffca2a32276:   c4 30 5f c3 48 8b 07 48 8d 54 24 20 48 8b cf 66
0x00007ffca2a32286:   0f 7f 44 24 20 ff 50 38 48 8b 5c 24 40 48 8b 74
0x00007ffca2a32296:   24 48 48 83 c4 30 5f c3 cc cc 40 53 48 83 ec 30
0x00007ffca2a322a6:   0f 10 82 98 03 00 00 48 8b da 0f 10 c8 66 0f 73
0x00007ffca2a322b6:   d9 08 66 48 0f 7e c8 48 85 c0 74 28 48 8b 01 48
0x00007ffca2a322c6:   8d 54 24 20 0f 29 44 24 20 ff 50 40 33 c0 48 89
0x00007ffca2a322d6:   44 24 20 48 89 44 24 28 0f 10 44 24 20 0f 11 83
0x00007ffca2a322e6:   98 03 00 00 48 83 c4 30 5b c3 48 8b 49 38 48 8b
0x00007ffca2a322f6:   01 48 ff 60 28 cc cc cc cc cc 80 3d d2 5e 89 00
0x00007ffca2a32306:   00 48 8b c1 74 1b 8b 51 08 8b 0d 03 cb 84 00 48
0x00007ffca2a32316:   d3 e2 48 8b c8 48 03 15 ee ca 84 00 e9 19 00 00
0x00007ffca2a32326:   00 48 8b 51 08 48 8b c8 e9 0d 00 00 00 cc cc cc
0x00007ffca2a32336:   cc cc cc cc cc cc cc cc cc cc 4c 8b ca 48 8b d1
0x00007ffca2a32346:   45 8b 41 08 45 85 c0 7e 0e 41 f6 c0 01 75 59 41
0x00007ffca2a32356:   c1 f8 03 41 8b c0 c3 79 4f 80 3d 73 5e 89 00 00
0x00007ffca2a32366:   b8 0c 00 00 00 b9 10 00 00 00 0f 45 c8 8b 05 1b
0x00007ffca2a32376:   14 83 00 ff c8 4c 63 c8 48 63 c1 41 8b c8 83 e1
0x00007ffca2a32386:   3f 48 63 14 10 41 8b c0 48 c1 f8 10 0f b6 c0 48
0x00007ffca2a32396:   d3 e2 49 8d 0c 11 49 f7 d1 48 03 c1 49 c1 e9 03
0x00007ffca2a323a6:   48 c1 e8 03 41 23 c1 c3 49 8b 01 49 8b c9 48 ff
0x00007ffca2a323b6:   a0 10 01 00 00 cc cc cc cc cc 48 8b c2 c3 cc cc
0x00007ffca2a323c6:   cc cc cc cc cc cc cc cc cc cc 48 83 ec 38 48 8b
0x00007ffca2a323d6:   41 38 80 78 08 00 74 00 0f 10 02 48 8b 49 38 48
0x00007ffca2a323e6:   8d 54 24 20 0f 29 44 24 20 e8 3c f0 ff ff 48 83
0x00007ffca2a323f6:   c4 38 c3 cc cc cc cc cc cc cc 48 83 ec 38 0f 10
0x00007ffca2a32406:   02 48 8b 01 48 8d 54 24 20 0f 29 44 24 20 ff 50
0x00007ffca2a32416:   38 48 83 c4 38 c3 cc cc cc cc 48 89 5c 24 08 55
0x00007ffca2a32426:   56 57 41 54 41 55 41 56 41 57 48 8d 6c 24 e0 48
0x00007ffca2a32436:   81 ec 20 01 00 00 48 8b 05 4d 51 86 00 48 33 c4 


Stack slot to memory mapping:
stack at sp + 0 slots: 0x00007ffca2b850ba jvm.dll
stack at sp + 1 slots: 0x000000008054a4e0 is pointing into object: java.lang.Class 
{0x000000008054a4a0} - klass: 'java/lang/Class'
stack at sp + 2 slots: 0x0000000100008ff0 is pointing into metadata
stack at sp + 3 slots: 0x00000000804beb18 is an oop: java.lang.Class 
{0x00000000804beb18} - klass: 'java/lang/Class'
stack at sp + 4 slots: 0x000000b7b99ff998 points into unknown readable memory: 0x00007ffca30e95c0 | c0 95 0e a3 fc 7f 00 00
stack at sp + 5 slots: 0x0000000100008ff8 is a pointer to class: 
java.lang.reflect.Constructor {0x0000000100009000}
stack at sp + 6 slots: 0x00007ffca2b84f66 jvm.dll
stack at sp + 7 slots: 0x0000000100008ff0 is pointing into metadata


---------------  P R O C E S S  ---------------

Threads class SMR info:
_java_thread_list=0x00000220124b4d00, length=84, elements={
0x0000022071be8800, 0x000002207cef7800, 0x000002207cf03800, 0x000002207cf52800,
0x000002207cf55800, 0x000002207cf57000, 0x000002207cf5c800, 0x000002207cf65000,
0x000002207d8c8000, 0x000002207d9c3800, 0x000002200f1b8000, 0x000002207e704000,
0x000002207ecf6800, 0x000002207ee01000, 0x000002207ee02000, 0x000002207edff800,
0x000002207f381000, 0x000002207f37c800, 0x000002207f37f800, 0x000002207f380800,
0x000002207f37d000, 0x000002207f382000, 0x000002207f37e800, 0x000002207f387000,
0x0000022011453000, 0x000002201144d800, 0x000002201144c000, 0x0000022011451000,
0x000002201144c800, 0x0000022011450000, 0x000002201144f000, 0x000002201144e800,
0x000002201144b000, 0x0000022011452800, 0x0000022011457800, 0x0000022011456800,
0x0000022011451800, 0x0000022011458000, 0x0000022011454000, 0x000002201145a000,
0x0000022011455800, 0x000002207f383000, 0x000002207f383800, 0x000002207f37e000,
0x000002207f386000, 0x000002207f388800, 0x000002207f38a000, 0x000002207f384800,
0x000002207f389800, 0x000002207f38b000, 0x0000022010f04800, 0x0000022010f00800,
0x0000022010f02800, 0x0000022010f05800, 0x0000022010f00000, 0x0000022010f06800,
0x0000022010f01800, 0x0000022010f03000, 0x0000022010f04000, 0x0000022010b9f000,
0x0000022010ba0000, 0x0000022010b9a000, 0x0000022010b9d800, 0x0000022010b9b000,
0x0000022010ba0800, 0x0000022010b9c800, 0x0000022010b9c000, 0x0000022010ba3000,
0x0000022010b9e000, 0x0000022010ba4000, 0x0000022010ba6800, 0x0000022010ba7000,
0x0000022010ba5000, 0x0000022010ba5800, 0x0000022010ba1800, 0x0000022010ba8000,
0x0000022010ba2800, 0x0000022010ba9000, 0x00000220175c6000, 0x00000220175c5000,
0x00000220175c1000, 0x00000220175c3800, 0x00000220175c2000, 0x00000220175c0000
}

Java Threads: ( => current thread )
  0x0000022071be8800 JavaThread "main" [_thread_blocked, id=8944, stack(0x000000b7b9600000,0x000000b7b9700000)]
  0x000002207cef7800 JavaThread "Reference Handler" daemon [_thread_blocked, id=10888, stack(0x000000b7b9d00000,0x000000b7b9e00000)]
  0x000002207cf03800 JavaThread "Finalizer" daemon [_thread_blocked, id=4044, stack(0x000000b7b9e00000,0x000000b7b9f00000)]
  0x000002207cf52800 JavaThread "Signal Dispatcher" daemon [_thread_blocked, id=388, stack(0x000000b7b9f00000,0x000000b7ba000000)]
  0x000002207cf55800 JavaThread "Attach Listener" daemon [_thread_blocked, id=7332, stack(0x000000b7ba000000,0x000000b7ba100000)]
  0x000002207cf57000 JavaThread "Service Thread" daemon [_thread_blocked, id=3860, stack(0x000000b7ba100000,0x000000b7ba200000)]
  0x000002207cf5c800 JavaThread "C2 CompilerThread0" daemon [_thread_in_native, id=3912, stack(0x000000b7ba200000,0x000000b7ba300000)]
  0x000002207cf65000 JavaThread "C1 CompilerThread0" daemon [_thread_blocked, id=704, stack(0x000000b7ba300000,0x000000b7ba400000)]
  0x000002207d8c8000 JavaThread "Sweeper thread" daemon [_thread_blocked, id=9252, stack(0x000000b7ba400000,0x000000b7ba500000)]
  0x000002207d9c3800 JavaThread "Common-Cleaner" daemon [_thread_blocked, id=948, stack(0x000000b7ba500000,0x000000b7ba600000)]
  0x000002200f1b8000 JavaThread "Daemon health stats" [_thread_blocked, id=9576, stack(0x000000b7ba800000,0x000000b7ba900000)]
  0x000002207e704000 JavaThread "Incoming local TCP Connector on port 54266" [_thread_in_native, id=5100, stack(0x000000b7ba900000,0x000000b7baa00000)]
  0x000002207ecf6800 JavaThread "Daemon periodic checks" [_thread_blocked, id=8012, stack(0x000000b7baa00000,0x000000b7bab00000)]
  0x000002207ee01000 JavaThread "Cache worker for journal cache (C:\Users\Patel\.gradle\caches\journal-1)" [_thread_blocked, id=10524, stack(0x000000b7bb400000,0x000000b7bb500000)]
  0x000002207ee02000 JavaThread "File lock request listener" [_thread_in_native, id=2476, stack(0x000000b7bb500000,0x000000b7bb600000)]
  0x000002207edff800 JavaThread "Cache worker for file hash cache (C:\Users\Patel\.gradle\caches\7.4\fileHashes)" [_thread_blocked, id=5840, stack(0x000000b7bb600000,0x000000b7bb700000)]
  0x000002207f381000 JavaThread "File watcher server" daemon [_thread_in_native, id=12188, stack(0x000000b7bb700000,0x000000b7bb800000)]
  0x000002207f37c800 JavaThread "File watcher consumer" daemon [_thread_blocked, id=7408, stack(0x000000b7bb800000,0x000000b7bb900000)]
  0x000002207f37f800 JavaThread "jar transforms" [_thread_blocked, id=7008, stack(0x000000b7bb900000,0x000000b7bba00000)]
  0x000002207f380800 JavaThread "jar transforms Thread 2" [_thread_blocked, id=2528, stack(0x000000b7bba00000,0x000000b7bbb00000)]
  0x000002207f37d000 JavaThread "jar transforms Thread 3" [_thread_blocked, id=876, stack(0x000000b7bbb00000,0x000000b7bbc00000)]
  0x000002207f382000 JavaThread "jar transforms Thread 4" [_thread_blocked, id=6044, stack(0x000000b7bbc00000,0x000000b7bbd00000)]
  0x000002207f37e800 JavaThread "Cache worker for execution history cache (C:\Users\Patel\.gradle\caches\7.4\executionHistory)" [_thread_blocked, id=6224, stack(0x000000b7bc100000,0x000000b7bc200000)]
  0x000002207f387000 JavaThread "Cache worker for file content cache (C:\Users\Patel\.gradle\caches\7.4\fileContent)" [_thread_blocked, id=11392, stack(0x000000b7bc200000,0x000000b7bc300000)]
  0x0000022011453000 JavaThread "Memory manager" [_thread_blocked, id=7648, stack(0x000000b7bed00000,0x000000b7bee00000)]
  0x000002201144d800 JavaThread "Daemon Thread 2" [_thread_blocked, id=2148, stack(0x000000b7b9300000,0x000000b7b9400000)]
  0x000002201144c000 JavaThread "Handler for socket connection from /127.0.0.1:54266 to /127.0.0.1:54339" [_thread_in_native, id=2028, stack(0x000000b7b9500000,0x000000b7b9600000)]
  0x0000022011451000 JavaThread "Cancel handler" [_thread_blocked, id=8888, stack(0x000000b7bab00000,0x000000b7bac00000)]
  0x000002201144c800 JavaThread "Daemon worker Thread 2" [_thread_blocked, id=12076, stack(0x000000b7bad00000,0x000000b7bae00000)]
  0x0000022011450000 JavaThread "Asynchronous log dispatcher for DefaultDaemonConnection: socket connection from /127.0.0.1:54266 to /127.0.0.1:54339" [_thread_blocked, id=7488, stack(0x000000b7bae00000,0x000000b7baf00000)]
  0x000002201144f000 JavaThread "Stdin handler" [_thread_blocked, id=5352, stack(0x000000b7baf00000,0x000000b7bb000000)]
  0x000002201144e800 JavaThread "Daemon client event forwarder" [_thread_blocked, id=10160, stack(0x000000b7bb000000,0x000000b7bb100000)]
  0x000002201144b000 JavaThread "Cache worker for checksums cache (C:\Users\Patel\AndroidStudioProjects\LearnAndroid\.gradle\7.4\checksums)" [_thread_blocked, id=7156, stack(0x000000b7bbd00000,0x000000b7bbe00000)]
  0x0000022011452800 JavaThread "Cache worker for cache directory md-rule (C:\Users\Patel\.gradle\caches\7.4\md-rule)" [_thread_blocked, id=3296, stack(0x000000b7bbe00000,0x000000b7bbf00000)]
  0x0000022011457800 JavaThread "Cache worker for file hash cache (C:\Users\Patel\AndroidStudioProjects\LearnAndroid\.gradle\7.4\fileHashes)" [_thread_blocked, id=5768, stack(0x000000b7bbf00000,0x000000b7bc000000)]
  0x0000022011456800 JavaThread "Cache worker for cache directory md-supplier (C:\Users\Patel\.gradle\caches\7.4\md-supplier)" [_thread_blocked, id=3844, stack(0x000000b7bc000000,0x000000b7bc100000)]
  0x0000022011451800 JavaThread "Cache worker for dependencies-accessors (C:\Users\Patel\AndroidStudioProjects\LearnAndroid\.gradle\7.4\dependencies-accessors)" [_thread_blocked, id=8144, stack(0x000000b7bc300000,0x000000b7bc400000)]
  0x0000022011458000 JavaThread "Cache worker for Build Output Cleanup Cache (C:\Users\Patel\AndroidStudioProjects\LearnAndroid\.gradle\buildOutputCleanup)" [_thread_blocked, id=7436, stack(0x000000b7bb100000,0x000000b7bb200000)]
  0x0000022011454000 JavaThread "Unconstrained build operations" [_thread_blocked, id=6068, stack(0x000000b7bc500000,0x000000b7bc600000)]
  0x000002201145a000 JavaThread "Unconstrained build operations Thread 2" [_thread_blocked, id=11204, stack(0x000000b7bc600000,0x000000b7bc700000)]
  0x0000022011455800 JavaThread "Unconstrained build operations Thread 3" [_thread_blocked, id=10944, stack(0x000000b7bc700000,0x000000b7bc800000)]
  0x000002207f383000 JavaThread "Unconstrained build operations Thread 4" [_thread_blocked, id=9044, stack(0x000000b7bc800000,0x000000b7bc900000)]
  0x000002207f383800 JavaThread "Unconstrained build operations Thread 5" [_thread_blocked, id=2540, stack(0x000000b7bc900000,0x000000b7bca00000)]
  0x000002207f37e000 JavaThread "Unconstrained build operations Thread 6" [_thread_blocked, id=1580, stack(0x000000b7bca00000,0x000000b7bcb00000)]
  0x000002207f386000 JavaThread "Unconstrained build operations Thread 7" [_thread_blocked, id=1288, stack(0x000000b7bcb00000,0x000000b7bcc00000)]
  0x000002207f388800 JavaThread "Unconstrained build operations Thread 8" [_thread_blocked, id=9364, stack(0x000000b7bcc00000,0x000000b7bcd00000)]
  0x000002207f38a000 JavaThread "Unconstrained build operations Thread 9" [_thread_blocked, id=8356, stack(0x000000b7bcd00000,0x000000b7bce00000)]
  0x000002207f384800 JavaThread "Unconstrained build operations Thread 10" [_thread_blocked, id=11072, stack(0x000000b7bce00000,0x000000b7bcf00000)]
  0x000002207f389800 JavaThread "Unconstrained build operations Thread 11" [_thread_blocked, id=10308, stack(0x000000b7bcf00000,0x000000b7bd000000)]
  0x000002207f38b000 JavaThread "Unconstrained build operations Thread 12" [_thread_blocked, id=8520, stack(0x000000b7bd000000,0x000000b7bd100000)]
  0x0000022010f04800 JavaThread "Unconstrained build operations Thread 13" [_thread_blocked, id=2224, stack(0x000000b7bd100000,0x000000b7bd200000)]
  0x0000022010f00800 JavaThread "Unconstrained build operations Thread 14" [_thread_blocked, id=8828, stack(0x000000b7bd200000,0x000000b7bd300000)]
  0x0000022010f02800 JavaThread "Unconstrained build operations Thread 15" [_thread_blocked, id=11516, stack(0x000000b7bd300000,0x000000b7bd400000)]
  0x0000022010f05800 JavaThread "Unconstrained build operations Thread 16" [_thread_blocked, id=6576, stack(0x000000b7bd400000,0x000000b7bd500000)]
  0x0000022010f00000 JavaThread "Unconstrained build operations Thread 17" [_thread_blocked, id=10124, stack(0x000000b7bd500000,0x000000b7bd600000)]
  0x0000022010f06800 JavaThread "Unconstrained build operations Thread 18" [_thread_blocked, id=9500, stack(0x000000b7bd600000,0x000000b7bd700000)]
  0x0000022010f01800 JavaThread "Unconstrained build operations Thread 19" [_thread_blocked, id=4932, stack(0x000000b7bd700000,0x000000b7bd800000)]
  0x0000022010f03000 JavaThread "Unconstrained build operations Thread 20" [_thread_blocked, id=6624, stack(0x000000b7bd800000,0x000000b7bd900000)]
  0x0000022010f04000 JavaThread "Unconstrained build operations Thread 21" [_thread_blocked, id=1836, stack(0x000000b7bd900000,0x000000b7bda00000)]
  0x0000022010b9f000 JavaThread "Unconstrained build operations Thread 22" [_thread_blocked, id=8020, stack(0x000000b7bda00000,0x000000b7bdb00000)]
  0x0000022010ba0000 JavaThread "Unconstrained build operations Thread 23" [_thread_blocked, id=8468, stack(0x000000b7bdb00000,0x000000b7bdc00000)]
  0x0000022010b9a000 JavaThread "Unconstrained build operations Thread 24" [_thread_blocked, id=10168, stack(0x000000b7bdc00000,0x000000b7bdd00000)]
  0x0000022010b9d800 JavaThread "Unconstrained build operations Thread 25" [_thread_blocked, id=11528, stack(0x000000b7bdd00000,0x000000b7bde00000)]
  0x0000022010b9b000 JavaThread "Unconstrained build operations Thread 26" [_thread_blocked, id=8436, stack(0x000000b7bde00000,0x000000b7bdf00000)]
  0x0000022010ba0800 JavaThread "Unconstrained build operations Thread 27" [_thread_blocked, id=12104, stack(0x000000b7bdf00000,0x000000b7be000000)]
  0x0000022010b9c800 JavaThread "Unconstrained build operations Thread 28" [_thread_blocked, id=7340, stack(0x000000b7be000000,0x000000b7be100000)]
  0x0000022010b9c000 JavaThread "Unconstrained build operations Thread 29" [_thread_blocked, id=6352, stack(0x000000b7be100000,0x000000b7be200000)]
  0x0000022010ba3000 JavaThread "Unconstrained build operations Thread 30" [_thread_blocked, id=7376, stack(0x000000b7be200000,0x000000b7be300000)]
  0x0000022010b9e000 JavaThread "Unconstrained build operations Thread 31" [_thread_blocked, id=9932, stack(0x000000b7be300000,0x000000b7be400000)]
  0x0000022010ba4000 JavaThread "Unconstrained build operations Thread 32" [_thread_blocked, id=11664, stack(0x000000b7be400000,0x000000b7be500000)]
  0x0000022010ba6800 JavaThread "Unconstrained build operations Thread 33" [_thread_blocked, id=10152, stack(0x000000b7be500000,0x000000b7be600000)]
  0x0000022010ba7000 JavaThread "Unconstrained build operations Thread 34" [_thread_blocked, id=10500, stack(0x000000b7be600000,0x000000b7be700000)]
  0x0000022010ba5000 JavaThread "Unconstrained build operations Thread 35" [_thread_blocked, id=5288, stack(0x000000b7be700000,0x000000b7be800000)]
  0x0000022010ba5800 JavaThread "Unconstrained build operations Thread 36" [_thread_blocked, id=676, stack(0x000000b7be800000,0x000000b7be900000)]
  0x0000022010ba1800 JavaThread "Unconstrained build operations Thread 37" [_thread_blocked, id=4008, stack(0x000000b7be900000,0x000000b7bea00000)]
  0x0000022010ba8000 JavaThread "Unconstrained build operations Thread 38" [_thread_blocked, id=4208, stack(0x000000b7bea00000,0x000000b7beb00000)]
  0x0000022010ba2800 JavaThread "Unconstrained build operations Thread 39" [_thread_blocked, id=8684, stack(0x000000b7beb00000,0x000000b7bec00000)]
  0x0000022010ba9000 JavaThread "Unconstrained build operations Thread 40" [_thread_blocked, id=3944, stack(0x000000b7bec00000,0x000000b7bed00000)]
  0x00000220175c6000 JavaThread "build event listener" [_thread_blocked, id=10496, stack(0x000000b7bee00000,0x000000b7bef00000)]
  0x00000220175c5000 JavaThread "included builds" [_thread_blocked, id=7144, stack(0x000000b7bef00000,0x000000b7bf000000)]
  0x00000220175c1000 JavaThread "Execution worker for ':'" [_thread_blocked, id=8324, stack(0x000000b7bf000000,0x000000b7bf100000)]
  0x00000220175c3800 JavaThread "Execution worker for ':' Thread 2" [_thread_blocked, id=8952, stack(0x000000b7bf100000,0x000000b7bf200000)]
  0x00000220175c2000 JavaThread "Execution worker for ':' Thread 3" [_thread_in_vm, id=6172, stack(0x000000b7bf200000,0x000000b7bf300000)]
  0x00000220175c0000 JavaThread "Cache worker for execution history cache (C:\Users\Patel\AndroidStudioProjects\LearnAndroid\.gradle\7.4\executionHistory)" [_thread_blocked, id=9608, stack(0x000000b7bf300000,0x000000b7bf400000)]

Other Threads:
  0x000002207cef0000 VMThread "VM Thread" [stack: 0x000000b7b9c00000,0x000000b7b9d00000] [id=7744]
  0x000002207d9e6000 WatcherThread [stack: 0x000000b7ba600000,0x000000b7ba700000] [id=8940]
  0x0000022071c01800 GCTaskThread "GC Thread#0" [stack: 0x000000b7b9700000,0x000000b7b9800000] [id=716]
  0x000002207dbbd800 GCTaskThread "GC Thread#1" [stack: 0x000000b7ba700000,0x000000b7ba800000] [id=7948]
  0x000002200f1df800 GCTaskThread "GC Thread#2" [stack: 0x000000b7bb200000,0x000000b7bb300000] [id=7404]
  0x000002200f26a800 GCTaskThread "GC Thread#3" [stack: 0x000000b7bb300000,0x000000b7bb400000] [id=9784]
  0x0000022071c32000 ConcurrentGCThread "G1 Main Marker" [stack: 0x000000b7b9800000,0x000000b7b9900000] [id=10236]
=>0x0000022071c33800 ConcurrentGCThread "G1 Conc#0" [stack: 0x000000b7b9900000,0x000000b7b9a00000] [id=4320]
  0x0000022071c8f000 ConcurrentGCThread "G1 Refine#0" [stack: 0x000000b7b9a00000,0x000000b7b9b00000] [id=2564]
  0x0000022071c90000 ConcurrentGCThread "G1 Young RemSet Sampling" [stack: 0x000000b7b9b00000,0x000000b7b9c00000] [id=7576]

Threads with active compile tasks:
C2 CompilerThread01159106 14284       4       org.apache.xerces.dom.DeferredDocumentImpl::getNodeName (49 bytes)

VM state:not at safepoint (normal execution)

VM Mutex/Monitor currently owned by a thread: None

Heap address: 0x0000000080000000, size: 2048 MB, Compressed Oops mode: 32-bit
Narrow klass base: 0x0000000000000000, Narrow klass shift: 3
Compressed class space size: 1073741824 Address: 0x0000000100000000

Heap:
 garbage-first heap   total 316416K, used 184527K [0x0000000080000000, 0x0000000100000000)
  region size 1024K, 16 young (16384K), 2 survivors (2048K)
 Metaspace       used 109592K, capacity 112453K, committed 112768K, reserved 1146880K
  class space    used 13850K, capacity 14869K, committed 14976K, reserved 1048576K
Heap Regions: E=young(eden), S=young(survivor), O=old, HS=humongous(starts), HC=humongous(continues), CS=collection set, F=free, A=archive, TAMS=top-at-mark-start (previous, next)
|   0|0x0000000080000000, 0x0000000080100000, 0x0000000080100000|100%|HS|  |TAMS 0x0000000080100000, 0x0000000080100000| Complete 
|   1|0x0000000080100000, 0x0000000080200000, 0x0000000080200000|100%|HC|  |TAMS 0x0000000080200000, 0x0000000080200000| Complete 
|   2|0x0000000080200000, 0x0000000080300000, 0x0000000080300000|100%|HC|  |TAMS 0x0000000080300000, 0x0000000080300000| Complete 
|   3|0x0000000080300000, 0x0000000080400000, 0x0000000080400000|100%| O|  |TAMS 0x0000000080400000, 0x0000000080400000| Untracked 
|   4|0x0000000080400000, 0x0000000080500000, 0x0000000080500000|100%| O|  |TAMS 0x0000000080500000, 0x0000000080500000| Untracked 
|   5|0x0000000080500000, 0x0000000080600000, 0x0000000080600000|100%| O|  |TAMS 0x0000000080600000, 0x0000000080600000| Untracked 
|   6|0x0000000080600000, 0x0000000080700000, 0x0000000080700000|100%| O|  |TAMS 0x0000000080700000, 0x0000000080700000| Untracked 
|   7|0x0000000080700000, 0x0000000080800000, 0x0000000080800000|100%| O|  |TAMS 0x0000000080800000, 0x0000000080800000| Untracked 
|   8|0x0000000080800000, 0x0000000080900000, 0x0000000080900000|100%| O|  |TAMS 0x0000000080900000, 0x0000000080900000| Untracked 
|   9|0x0000000080900000, 0x0000000080a00000, 0x0000000080a00000|100%| O|  |TAMS 0x0000000080a00000, 0x0000000080a00000| Untracked 
|  10|0x0000000080a00000, 0x0000000080b00000, 0x0000000080b00000|100%| O|  |TAMS 0x0000000080b00000, 0x0000000080b00000| Untracked 
|  11|0x0000000080b00000, 0x0000000080c00000, 0x0000000080c00000|100%| O|  |TAMS 0x0000000080c00000, 0x0000000080c00000| Untracked 
|  12|0x0000000080c00000, 0x0000000080d00000, 0x0000000080d00000|100%| O|  |TAMS 0x0000000080d00000, 0x0000000080d00000| Untracked 
|  13|0x0000000080d00000, 0x0000000080e00000, 0x0000000080e00000|100%| O|  |TAMS 0x0000000080e00000, 0x0000000080e00000| Untracked 
|  14|0x0000000080e00000, 0x0000000080f00000, 0x0000000080f00000|100%| O|  |TAMS 0x0000000080f00000, 0x0000000080f00000| Untracked 
|  15|0x0000000080f00000, 0x0000000081000000, 0x0000000081000000|100%| O|  |TAMS 0x0000000081000000, 0x0000000081000000| Untracked 
|  16|0x0000000081000000, 0x0000000081100000, 0x0000000081100000|100%|HS|  |TAMS 0x0000000081100000, 0x0000000081100000| Complete 
|  17|0x0000000081100000, 0x0000000081200000, 0x0000000081200000|100%|HC|  |TAMS 0x0000000081200000, 0x0000000081200000| Complete 
|  18|0x0000000081200000, 0x0000000081300000, 0x0000000081300000|100%|HS|  |TAMS 0x0000000081300000, 0x0000000081300000| Complete 
|  19|0x0000000081300000, 0x0000000081400000, 0x0000000081400000|100%|HC|  |TAMS 0x0000000081400000, 0x0000000081400000| Complete 
|  20|0x0000000081400000, 0x0000000081500000, 0x0000000081500000|100%|HC|  |TAMS 0x0000000081500000, 0x0000000081500000| Complete 
|  21|0x0000000081500000, 0x0000000081600000, 0x0000000081600000|100%|HS|  |TAMS 0x0000000081600000, 0x0000000081600000| Complete 
|  22|0x0000000081600000, 0x0000000081700000, 0x0000000081700000|100%|HC|  |TAMS 0x0000000081700000, 0x0000000081700000| Complete 
|  23|0x0000000081700000, 0x0000000081800000, 0x0000000081800000|100%|HC|  |TAMS 0x0000000081800000, 0x0000000081800000| Complete 
|  24|0x0000000081800000, 0x0000000081900000, 0x0000000081900000|100%| O|  |TAMS 0x0000000081900000, 0x0000000081900000| Untracked 
|  25|0x0000000081900000, 0x0000000081a00000, 0x0000000081a00000|100%| O|  |TAMS 0x0000000081a00000, 0x0000000081a00000| Untracked 
|  26|0x0000000081a00000, 0x0000000081b00000, 0x0000000081b00000|100%| O|  |TAMS 0x0000000081b00000, 0x0000000081b00000| Untracked 
|  27|0x0000000081b00000, 0x0000000081c00000, 0x0000000081c00000|100%| O|  |TAMS 0x0000000081c00000, 0x0000000081c00000| Untracked 
|  28|0x0000000081c00000, 0x0000000081d00000, 0x0000000081d00000|100%| O|  |TAMS 0x0000000081d00000, 0x0000000081d00000| Untracked 
|  29|0x0000000081d00000, 0x0000000081e00000, 0x0000000081e00000|100%| O|  |TAMS 0x0000000081e00000, 0x0000000081e00000| Untracked 
|  30|0x0000000081e00000, 0x0000000081f00000, 0x0000000081f00000|100%| O|  |TAMS 0x0000000081f00000, 0x0000000081f00000| Untracked 
|  31|0x0000000081f00000, 0x0000000082000000, 0x0000000082000000|100%| O|  |TAMS 0x0000000082000000, 0x0000000082000000| Untracked 
|  32|0x0000000082000000, 0x0000000082100000, 0x0000000082100000|100%| O|  |TAMS 0x0000000082100000, 0x0000000082100000| Untracked 
|  33|0x0000000082100000, 0x0000000082200000, 0x0000000082200000|100%| O|  |TAMS 0x0000000082200000, 0x0000000082200000| Untracked 
|  34|0x0000000082200000, 0x0000000082300000, 0x0000000082300000|100%| O|  |TAMS 0x0000000082300000, 0x0000000082300000| Untracked 
|  35|0x0000000082300000, 0x0000000082400000, 0x0000000082400000|100%|HS|  |TAMS 0x0000000082400000, 0x0000000082400000| Complete 
|  36|0x0000000082400000, 0x0000000082500000, 0x0000000082500000|100%|HC|  |TAMS 0x0000000082500000, 0x0000000082500000| Complete 
|  37|0x0000000082500000, 0x0000000082600000, 0x0000000082600000|100%|HC|  |TAMS 0x0000000082600000, 0x0000000082600000| Complete 
|  38|0x0000000082600000, 0x0000000082700000, 0x0000000082700000|100%|HC|  |TAMS 0x0000000082700000, 0x0000000082700000| Complete 
|  39|0x0000000082700000, 0x0000000082800000, 0x0000000082800000|100%|HS|  |TAMS 0x0000000082800000, 0x0000000082800000| Complete 
|  40|0x0000000082800000, 0x0000000082900000, 0x0000000082900000|100%|HC|  |TAMS 0x0000000082900000, 0x0000000082900000| Complete 
|  41|0x0000000082900000, 0x0000000082a00000, 0x0000000082a00000|100%|HC|  |TAMS 0x0000000082a00000, 0x0000000082a00000| Complete 
|  42|0x0000000082a00000, 0x0000000082b00000, 0x0000000082b00000|100%|HC|  |TAMS 0x0000000082b00000, 0x0000000082b00000| Complete 
|  43|0x0000000082b00000, 0x0000000082c00000, 0x0000000082c00000|100%|HC|  |TAMS 0x0000000082c00000, 0x0000000082c00000| Complete 
|  44|0x0000000082c00000, 0x0000000082d00000, 0x0000000082d00000|100%| O|  |TAMS 0x0000000082d00000, 0x0000000082d00000| Untracked 
|  45|0x0000000082d00000, 0x0000000082e00000, 0x0000000082e00000|100%| O|  |TAMS 0x0000000082e00000, 0x0000000082e00000| Untracked 
|  46|0x0000000082e00000, 0x0000000082f00000, 0x0000000082f00000|100%| O|  |TAMS 0x0000000082f00000, 0x0000000082f00000| Untracked 
|  47|0x0000000082f00000, 0x0000000083000000, 0x0000000083000000|100%| O|  |TAMS 0x0000000083000000, 0x0000000083000000| Untracked 
|  48|0x0000000083000000, 0x0000000083100000, 0x0000000083100000|100%|HS|  |TAMS 0x0000000083100000, 0x0000000083100000| Complete 
|  49|0x0000000083100000, 0x0000000083200000, 0x0000000083200000|100%|HC|  |TAMS 0x0000000083200000, 0x0000000083200000| Complete 
|  50|0x0000000083200000, 0x0000000083300000, 0x0000000083300000|100%|HC|  |TAMS 0x0000000083300000, 0x0000000083300000| Complete 
|  51|0x0000000083300000, 0x0000000083400000, 0x0000000083400000|100%|HC|  |TAMS 0x0000000083400000, 0x0000000083400000| Complete 
|  52|0x0000000083400000, 0x0000000083500000, 0x0000000083500000|100%|HS|  |TAMS 0x0000000083500000, 0x0000000083500000| Complete 
|  53|0x0000000083500000, 0x0000000083600000, 0x0000000083600000|100%|HC|  |TAMS 0x0000000083600000, 0x0000000083600000| Complete 
|  54|0x0000000083600000, 0x0000000083700000, 0x0000000083700000|100%|HC|  |TAMS 0x0000000083700000, 0x0000000083700000| Complete 
|  55|0x0000000083700000, 0x0000000083800000, 0x0000000083800000|100%|HS|  |TAMS 0x0000000083800000, 0x0000000083800000| Complete 
|  56|0x0000000083800000, 0x0000000083900000, 0x0000000083900000|100%|HC|  |TAMS 0x0000000083900000, 0x0000000083900000| Complete 
|  57|0x0000000083900000, 0x0000000083a00000, 0x0000000083a00000|100%| O|  |TAMS 0x0000000083a00000, 0x0000000083a00000| Untracked 
|  58|0x0000000083a00000, 0x0000000083b00000, 0x0000000083b00000|100%|HS|  |TAMS 0x0000000083b00000, 0x0000000083b00000| Complete 
|  59|0x0000000083b00000, 0x0000000083c00000, 0x0000000083c00000|100%|HC|  |TAMS 0x0000000083c00000, 0x0000000083c00000| Complete 
|  60|0x0000000083c00000, 0x0000000083d00000, 0x0000000083d00000|100%|HC|  |TAMS 0x0000000083d00000, 0x0000000083d00000| Complete 
|  61|0x0000000083d00000, 0x0000000083e00000, 0x0000000083e00000|100%| O|  |TAMS 0x0000000083e00000, 0x0000000083e00000| Untracked 
|  62|0x0000000083e00000, 0x0000000083f00000, 0x0000000083f00000|100%| O|  |TAMS 0x0000000083f00000, 0x0000000083f00000| Untracked 
|  63|0x0000000083f00000, 0x0000000084000000, 0x0000000084000000|100%| O|  |TAMS 0x0000000084000000, 0x0000000084000000| Untracked 
|  64|0x0000000084000000, 0x0000000084100000, 0x0000000084100000|100%| O|  |TAMS 0x0000000084100000, 0x0000000084100000| Untracked 
|  65|0x0000000084100000, 0x0000000084200000, 0x0000000084200000|100%| O|  |TAMS 0x0000000084200000, 0x0000000084200000| Untracked 
|  66|0x0000000084200000, 0x0000000084300000, 0x0000000084300000|100%| O|  |TAMS 0x0000000084300000, 0x0000000084300000| Untracked 
|  67|0x0000000084300000, 0x0000000084400000, 0x0000000084400000|100%|HS|  |TAMS 0x0000000084400000, 0x0000000084400000| Complete 
|  68|0x0000000084400000, 0x0000000084500000, 0x0000000084500000|100%|HC|  |TAMS 0x0000000084500000, 0x0000000084500000| Complete 
|  69|0x0000000084500000, 0x0000000084600000, 0x0000000084600000|100%|HC|  |TAMS 0x0000000084600000, 0x0000000084600000| Complete 
|  70|0x0000000084600000, 0x0000000084700000, 0x0000000084700000|100%|HC|  |TAMS 0x0000000084700000, 0x0000000084700000| Complete 
|  71|0x0000000084700000, 0x0000000084800000, 0x0000000084800000|100%|HC|  |TAMS 0x0000000084800000, 0x0000000084800000| Complete 
|  72|0x0000000084800000, 0x0000000084900000, 0x0000000084900000|100%| O|  |TAMS 0x0000000084900000, 0x0000000084900000| Untracked 
|  73|0x0000000084900000, 0x0000000084a00000, 0x0000000084a00000|100%| O|  |TAMS 0x0000000084a00000, 0x0000000084a00000| Untracked 
|  74|0x0000000084a00000, 0x0000000084b00000, 0x0000000084b00000|100%| O|  |TAMS 0x0000000084b00000, 0x0000000084b00000| Untracked 
|  75|0x0000000084b00000, 0x0000000084c00000, 0x0000000084c00000|100%|HS|  |TAMS 0x0000000084c00000, 0x0000000084c00000| Complete 
|  76|0x0000000084c00000, 0x0000000084d00000, 0x0000000084d00000|100%|HS|  |TAMS 0x0000000084d00000, 0x0000000084d00000| Complete 
|  77|0x0000000084d00000, 0x0000000084e00000, 0x0000000084e00000|100%|HS|  |TAMS 0x0000000084e00000, 0x0000000084e00000| Complete 
|  78|0x0000000084e00000, 0x0000000084f00000, 0x0000000084f00000|100%|HS|  |TAMS 0x0000000084f00000, 0x0000000084f00000| Complete 
|  79|0x0000000084f00000, 0x0000000085000000, 0x0000000085000000|100%|HC|  |TAMS 0x0000000085000000, 0x0000000085000000| Complete 
|  80|0x0000000085000000, 0x0000000085100000, 0x0000000085100000|100%|HC|  |TAMS 0x0000000085100000, 0x0000000085100000| Complete 
|  81|0x0000000085100000, 0x0000000085200000, 0x0000000085200000|100%| O|  |TAMS 0x0000000085200000, 0x0000000085200000| Untracked 
|  82|0x0000000085200000, 0x0000000085300000, 0x0000000085300000|100%| O|  |TAMS 0x0000000085300000, 0x0000000085300000| Untracked 
|  83|0x0000000085300000, 0x0000000085400000, 0x0000000085400000|100%| O|  |TAMS 0x0000000085400000, 0x0000000085400000| Untracked 
|  84|0x0000000085400000, 0x0000000085500000, 0x0000000085500000|100%|HS|  |TAMS 0x0000000085500000, 0x0000000085500000| Complete 
|  85|0x0000000085500000, 0x0000000085600000, 0x0000000085600000|100%|HC|  |TAMS 0x0000000085600000, 0x0000000085600000| Complete 
|  86|0x0000000085600000, 0x0000000085700000, 0x0000000085700000|100%| O|  |TAMS 0x0000000085700000, 0x0000000085700000| Untracked 
|  87|0x0000000085700000, 0x0000000085800000, 0x0000000085800000|100%| O|  |TAMS 0x0000000085800000, 0x0000000085800000| Untracked 
|  88|0x0000000085800000, 0x0000000085900000, 0x0000000085900000|100%| O|  |TAMS 0x0000000085900000, 0x0000000085900000| Untracked 
|  89|0x0000000085900000, 0x0000000085a00000, 0x0000000085a00000|100%| O|  |TAMS 0x0000000085a00000, 0x0000000085a00000| Untracked 
|  90|0x0000000085a00000, 0x0000000085b00000, 0x0000000085b00000|100%| O|  |TAMS 0x0000000085b00000, 0x0000000085b00000| Untracked 
|  91|0x0000000085b00000, 0x0000000085c00000, 0x0000000085c00000|100%| O|  |TAMS 0x0000000085c00000, 0x0000000085c00000| Untracked 
|  92|0x0000000085c00000, 0x0000000085d00000, 0x0000000085d00000|100%| O|  |TAMS 0x0000000085d00000, 0x0000000085d00000| Untracked 
|  93|0x0000000085d00000, 0x0000000085e00000, 0x0000000085e00000|100%|HS|  |TAMS 0x0000000085e00000, 0x0000000085e00000| Complete 
|  94|0x0000000085e00000, 0x0000000085f00000, 0x0000000085f00000|100%|HS|  |TAMS 0x0000000085f00000, 0x0000000085f00000| Complete 
|  95|0x0000000085f00000, 0x0000000086000000, 0x0000000086000000|100%|HC|  |TAMS 0x0000000086000000, 0x0000000086000000| Complete 
|  96|0x0000000086000000, 0x0000000086100000, 0x0000000086100000|100%| O|  |TAMS 0x0000000086100000, 0x0000000086100000| Untracked 
|  97|0x0000000086100000, 0x0000000086200000, 0x0000000086200000|100%| O|  |TAMS 0x0000000086200000, 0x0000000086200000| Untracked 
|  98|0x0000000086200000, 0x0000000086300000, 0x0000000086300000|100%| O|  |TAMS 0x0000000086300000, 0x0000000086300000| Untracked 
|  99|0x0000000086300000, 0x0000000086400000, 0x0000000086400000|100%| O|  |TAMS 0x0000000086400000, 0x0000000086400000| Untracked 
| 100|0x0000000086400000, 0x0000000086500000, 0x0000000086500000|100%| O|  |TAMS 0x0000000086500000, 0x0000000086500000| Untracked 
| 101|0x0000000086500000, 0x0000000086600000, 0x0000000086600000|100%| O|  |TAMS 0x0000000086600000, 0x0000000086600000| Untracked 
| 102|0x0000000086600000, 0x0000000086700000, 0x0000000086700000|100%| O|  |TAMS 0x0000000086700000, 0x0000000086700000| Untracked 
| 103|0x0000000086700000, 0x0000000086800000, 0x0000000086800000|100%|HS|  |TAMS 0x0000000086800000, 0x0000000086800000| Complete 
| 104|0x0000000086800000, 0x0000000086900000, 0x0000000086900000|100%|HC|  |TAMS 0x0000000086900000, 0x0000000086900000| Complete 
| 105|0x0000000086900000, 0x0000000086a00000, 0x0000000086a00000|100%|HC|  |TAMS 0x0000000086a00000, 0x0000000086a00000| Complete 
| 106|0x0000000086a00000, 0x0000000086b00000, 0x0000000086b00000|100%|HS|  |TAMS 0x0000000086b00000, 0x0000000086b00000| Complete 
| 107|0x0000000086b00000, 0x0000000086c00000, 0x0000000086c00000|100%|HC|  |TAMS 0x0000000086c00000, 0x0000000086c00000| Complete 
| 108|0x0000000086c00000, 0x0000000086d00000, 0x0000000086d00000|100%|HC|  |TAMS 0x0000000086d00000, 0x0000000086d00000| Complete 
| 109|0x0000000086d00000, 0x0000000086e00000, 0x0000000086e00000|100%|HS|  |TAMS 0x0000000086e00000, 0x0000000086e00000| Complete 
| 110|0x0000000086e00000, 0x0000000086f00000, 0x0000000086f00000|100%|HC|  |TAMS 0x0000000086f00000, 0x0000000086f00000| Complete 
| 111|0x0000000086f00000, 0x0000000087000000, 0x0000000087000000|100%|HC|  |TAMS 0x0000000087000000, 0x0000000087000000| Complete 
| 112|0x0000000087000000, 0x0000000087100000, 0x0000000087100000|100%|HC|  |TAMS 0x0000000087100000, 0x0000000087100000| Complete 
| 113|0x0000000087100000, 0x0000000087200000, 0x0000000087200000|100%| O|  |TAMS 0x0000000087200000, 0x0000000087200000| Untracked 
| 114|0x0000000087200000, 0x0000000087300000, 0x0000000087300000|100%| O|  |TAMS 0x0000000087300000, 0x0000000087300000| Untracked 
| 115|0x0000000087300000, 0x0000000087400000, 0x0000000087400000|100%| O|  |TAMS 0x0000000087400000, 0x0000000087400000| Untracked 
| 116|0x0000000087400000, 0x0000000087500000, 0x0000000087500000|100%|HS|  |TAMS 0x0000000087500000, 0x0000000087500000| Complete 
| 117|0x0000000087500000, 0x0000000087600000, 0x0000000087600000|100%|HC|  |TAMS 0x0000000087600000, 0x0000000087600000| Complete 
| 118|0x0000000087600000, 0x0000000087700000, 0x0000000087700000|100%|HC|  |TAMS 0x0000000087700000, 0x0000000087700000| Complete 
| 119|0x0000000087700000, 0x0000000087800000, 0x0000000087800000|100%|HC|  |TAMS 0x0000000087800000, 0x0000000087800000| Complete 
| 120|0x0000000087800000, 0x0000000087900000, 0x0000000087900000|100%|HC|  |TAMS 0x0000000087900000, 0x0000000087900000| Complete 
| 121|0x0000000087900000, 0x0000000087a00000, 0x0000000087a00000|100%|HS|  |TAMS 0x0000000087a00000, 0x0000000087a00000| Complete 
| 122|0x0000000087a00000, 0x0000000087b00000, 0x0000000087b00000|100%| O|  |TAMS 0x0000000087b00000, 0x0000000087b00000| Untracked 
| 123|0x0000000087b00000, 0x0000000087c00000, 0x0000000087c00000|100%| O|  |TAMS 0x0000000087c00000, 0x0000000087c00000| Untracked 
| 124|0x0000000087c00000, 0x0000000087d00000, 0x0000000087d00000|100%| O|  |TAMS 0x0000000087d00000, 0x0000000087d00000| Untracked 
| 125|0x0000000087d00000, 0x0000000087e00000, 0x0000000087e00000|100%| O|  |TAMS 0x0000000087e00000, 0x0000000087e00000| Untracked 
| 126|0x0000000087e00000, 0x0000000087f00000, 0x0000000087f00000|100%| O|  |TAMS 0x0000000087f00000, 0x0000000087f00000| Untracked 
| 127|0x0000000087f00000, 0x0000000088000000, 0x0000000088000000|100%| O|  |TAMS 0x0000000088000000, 0x0000000088000000| Untracked 
| 128|0x0000000088000000, 0x0000000088100000, 0x0000000088100000|100%| O|  |TAMS 0x0000000088100000, 0x0000000088100000| Untracked 
| 129|0x0000000088100000, 0x0000000088200000, 0x0000000088200000|100%| O|  |TAMS 0x0000000088200000, 0x0000000088200000| Untracked 
| 130|0x0000000088200000, 0x0000000088300000, 0x0000000088300000|100%| O|  |TAMS 0x0000000088300000, 0x0000000088300000| Untracked 
| 131|0x0000000088300000, 0x0000000088400000, 0x0000000088400000|100%| O|  |TAMS 0x0000000088400000, 0x0000000088400000| Untracked 
| 132|0x0000000088400000, 0x0000000088500000, 0x0000000088500000|100%| O|  |TAMS 0x0000000088500000, 0x0000000088500000| Untracked 
| 133|0x0000000088500000, 0x0000000088600000, 0x0000000088600000|100%| O|  |TAMS 0x0000000088600000, 0x0000000088600000| Untracked 
| 134|0x0000000088600000, 0x0000000088700000, 0x0000000088700000|100%| O|  |TAMS 0x0000000088700000, 0x0000000088700000| Untracked 
| 135|0x0000000088700000, 0x0000000088800000, 0x0000000088800000|100%| O|  |TAMS 0x0000000088800000, 0x0000000088800000| Untracked 
| 136|0x0000000088800000, 0x0000000088900000, 0x0000000088900000|100%| O|  |TAMS 0x0000000088900000, 0x0000000088900000| Untracked 
| 137|0x0000000088900000, 0x0000000088a00000, 0x0000000088a00000|100%| O|  |TAMS 0x0000000088a00000, 0x0000000088a00000| Untracked 
| 138|0x0000000088a00000, 0x0000000088b00000, 0x0000000088b00000|100%| O|  |TAMS 0x0000000088b00000, 0x0000000088b00000| Untracked 
| 139|0x0000000088b00000, 0x0000000088c00000, 0x0000000088c00000|100%| O|  |TAMS 0x0000000088c00000, 0x0000000088c00000| Untracked 
| 140|0x0000000088c00000, 0x0000000088d00000, 0x0000000088d00000|100%| O|  |TAMS 0x0000000088d00000, 0x0000000088d00000| Untracked 
| 141|0x0000000088d00000, 0x0000000088e00000, 0x0000000088e00000|100%| O|  |TAMS 0x0000000088e00000, 0x0000000088e00000| Untracked 
| 142|0x0000000088e00000, 0x0000000088f00000, 0x0000000088f00000|100%| O|  |TAMS 0x0000000088f00000, 0x0000000088f00000| Untracked 
| 143|0x0000000088f00000, 0x0000000089000000, 0x0000000089000000|100%| O|  |TAMS 0x0000000089000000, 0x0000000089000000| Untracked 
| 144|0x0000000089000000, 0x0000000089100000, 0x0000000089100000|100%| O|  |TAMS 0x0000000089100000, 0x0000000089100000| Untracked 
| 145|0x0000000089100000, 0x0000000089200000, 0x0000000089200000|100%| O|  |TAMS 0x0000000089200000, 0x0000000089200000| Untracked 
| 146|0x0000000089200000, 0x0000000089300000, 0x0000000089300000|100%| O|  |TAMS 0x0000000089300000, 0x0000000089300000| Untracked 
| 147|0x0000000089300000, 0x0000000089400000, 0x0000000089400000|100%| O|  |TAMS 0x000000008939b200, 0x0000000089400000| Untracked 
| 148|0x0000000089400000, 0x0000000089500000, 0x0000000089500000|100%| O|  |TAMS 0x0000000089400000, 0x0000000089500000| Untracked 
| 149|0x0000000089500000, 0x0000000089600000, 0x0000000089600000|100%| O|  |TAMS 0x0000000089500000, 0x0000000089600000| Untracked 
| 150|0x0000000089600000, 0x0000000089700000, 0x0000000089700000|100%| O|  |TAMS 0x0000000089600000, 0x0000000089700000| Untracked 
| 151|0x0000000089700000, 0x0000000089800000, 0x0000000089800000|100%| O|  |TAMS 0x0000000089700000, 0x0000000089800000| Untracked 
| 152|0x0000000089800000, 0x0000000089900000, 0x0000000089900000|100%| O|  |TAMS 0x0000000089800000, 0x0000000089900000| Untracked 
| 153|0x0000000089900000, 0x0000000089a00000, 0x0000000089a00000|100%| O|  |TAMS 0x0000000089900000, 0x0000000089a00000| Untracked 
| 154|0x0000000089a00000, 0x0000000089b00000, 0x0000000089b00000|100%| O|  |TAMS 0x0000000089a00000, 0x0000000089b00000| Untracked 
| 155|0x0000000089b00000, 0x0000000089c00000, 0x0000000089c00000|100%| O|  |TAMS 0x0000000089b00000, 0x0000000089c00000| Untracked 
| 156|0x0000000089c00000, 0x0000000089d00000, 0x0000000089d00000|100%| O|  |TAMS 0x0000000089c00000, 0x0000000089d00000| Untracked 
| 157|0x0000000089d00000, 0x0000000089e00000, 0x0000000089e00000|100%| O|  |TAMS 0x0000000089d00000, 0x0000000089e00000| Untracked 
| 158|0x0000000089e00000, 0x0000000089f00000, 0x0000000089f00000|100%| O|  |TAMS 0x0000000089e00000, 0x0000000089f00000| Untracked 
| 159|0x0000000089f00000, 0x000000008a000000, 0x000000008a000000|100%| O|  |TAMS 0x0000000089f00000, 0x000000008a000000| Untracked 
| 160|0x000000008a000000, 0x000000008a100000, 0x000000008a100000|100%| O|  |TAMS 0x000000008a000000, 0x000000008a100000| Untracked 
| 161|0x000000008a100000, 0x000000008a200000, 0x000000008a200000|100%| O|  |TAMS 0x000000008a100000, 0x000000008a200000| Untracked 
| 162|0x000000008a200000, 0x000000008a300000, 0x000000008a300000|100%| O|  |TAMS 0x000000008a200000, 0x000000008a300000| Untracked 
| 163|0x000000008a300000, 0x000000008a400000, 0x000000008a400000|100%| O|  |TAMS 0x000000008a300000, 0x000000008a400000| Untracked 
| 164|0x000000008a400000, 0x000000008a433c00, 0x000000008a500000| 20%| O|  |TAMS 0x000000008a400000, 0x000000008a433c00| Untracked 
| 165|0x000000008a500000, 0x000000008a600000, 0x000000008a600000|100%|HS|  |TAMS 0x000000008a500000, 0x000000008a500000| Complete 
| 166|0x000000008a600000, 0x000000008a700000, 0x000000008a700000|100%|HC|  |TAMS 0x000000008a600000, 0x000000008a600000| Complete 
| 167|0x000000008a700000, 0x000000008a700000, 0x000000008a800000|  0%| F|  |TAMS 0x000000008a700000, 0x000000008a700000| Untracked 
| 168|0x000000008a800000, 0x000000008a800000, 0x000000008a900000|  0%| F|  |TAMS 0x000000008a800000, 0x000000008a800000| Untracked 
| 169|0x000000008a900000, 0x000000008a900000, 0x000000008aa00000|  0%| F|  |TAMS 0x000000008a900000, 0x000000008a900000| Untracked 
| 170|0x000000008aa00000, 0x000000008aa00000, 0x000000008ab00000|  0%| F|  |TAMS 0x000000008aa00000, 0x000000008aa00000| Untracked 
| 171|0x000000008ab00000, 0x000000008ab00000, 0x000000008ac00000|  0%| F|  |TAMS 0x000000008ab00000, 0x000000008ab00000| Untracked 
| 172|0x000000008ac00000, 0x000000008ac00000, 0x000000008ad00000|  0%| F|  |TAMS 0x000000008ac00000, 0x000000008ac00000| Untracked 
| 173|0x000000008ad00000, 0x000000008ad00000, 0x000000008ae00000|  0%| F|  |TAMS 0x000000008ad00000, 0x000000008ad00000| Untracked 
| 174|0x000000008ae00000, 0x000000008ae00000, 0x000000008af00000|  0%| F|  |TAMS 0x000000008ae00000, 0x000000008ae00000| Untracked 
| 175|0x000000008af00000, 0x000000008af00000, 0x000000008b000000|  0%| F|  |TAMS 0x000000008af00000, 0x000000008af00000| Untracked 
| 176|0x000000008b000000, 0x000000008b000000, 0x000000008b100000|  0%| F|  |TAMS 0x000000008b000000, 0x000000008b000000| Untracked 
| 177|0x000000008b100000, 0x000000008b100000, 0x000000008b200000|  0%| F|  |TAMS 0x000000008b100000, 0x000000008b100000| Untracked 
| 178|0x000000008b200000, 0x000000008b200000, 0x000000008b300000|  0%| F|  |TAMS 0x000000008b200000, 0x000000008b200000| Untracked 
| 179|0x000000008b300000, 0x000000008b300000, 0x000000008b400000|  0%| F|  |TAMS 0x000000008b300000, 0x000000008b300000| Untracked 
| 180|0x000000008b400000, 0x000000008b400000, 0x000000008b500000|  0%| F|  |TAMS 0x000000008b400000, 0x000000008b400000| Untracked 
| 181|0x000000008b500000, 0x000000008b500000, 0x000000008b600000|  0%| F|  |TAMS 0x000000008b500000, 0x000000008b500000| Untracked 
| 182|0x000000008b600000, 0x000000008b600000, 0x000000008b700000|  0%| F|  |TAMS 0x000000008b600000, 0x000000008b600000| Untracked 
| 183|0x000000008b700000, 0x000000008b700000, 0x000000008b800000|  0%| F|  |TAMS 0x000000008b700000, 0x000000008b700000| Untracked 
| 184|0x000000008b800000, 0x000000008b800000, 0x000000008b900000|  0%| F|  |TAMS 0x000000008b800000, 0x000000008b800000| Untracked 
| 185|0x000000008b900000, 0x000000008b900000, 0x000000008ba00000|  0%| F|  |TAMS 0x000000008b900000, 0x000000008b900000| Untracked 
| 186|0x000000008ba00000, 0x000000008ba00000, 0x000000008bb00000|  0%| F|  |TAMS 0x000000008ba00000, 0x000000008ba00000| Untracked 
| 187|0x000000008bb00000, 0x000000008bb00000, 0x000000008bc00000|  0%| F|  |TAMS 0x000000008bb00000, 0x000000008bb00000| Untracked 
| 188|0x000000008bc00000, 0x000000008bc00000, 0x000000008bd00000|  0%| F|  |TAMS 0x000000008bc00000, 0x000000008bc00000| Untracked 
| 189|0x000000008bd00000, 0x000000008bd00000, 0x000000008be00000|  0%| F|  |TAMS 0x000000008bd00000, 0x000000008bd00000| Untracked 
| 190|0x000000008be00000, 0x000000008be00000, 0x000000008bf00000|  0%| F|  |TAMS 0x000000008be00000, 0x000000008be00000| Untracked 
| 191|0x000000008bf00000, 0x000000008bf00000, 0x000000008c000000|  0%| F|  |TAMS 0x000000008bf00000, 0x000000008bf00000| Untracked 
| 192|0x000000008c000000, 0x000000008c000000, 0x000000008c100000|  0%| F|  |TAMS 0x000000008c000000, 0x000000008c000000| Untracked 
| 193|0x000000008c100000, 0x000000008c100000, 0x000000008c200000|  0%| F|  |TAMS 0x000000008c100000, 0x000000008c100000| Untracked 
| 194|0x000000008c200000, 0x000000008c200000, 0x000000008c300000|  0%| F|  |TAMS 0x000000008c200000, 0x000000008c200000| Untracked 
| 195|0x000000008c300000, 0x000000008c300000, 0x000000008c400000|  0%| F|  |TAMS 0x000000008c300000, 0x000000008c300000| Untracked 
| 196|0x000000008c400000, 0x000000008c400000, 0x000000008c500000|  0%| F|  |TAMS 0x000000008c400000, 0x000000008c400000| Untracked 
| 197|0x000000008c500000, 0x000000008c500000, 0x000000008c600000|  0%| F|  |TAMS 0x000000008c500000, 0x000000008c500000| Untracked 
| 198|0x000000008c600000, 0x000000008c600000, 0x000000008c700000|  0%| F|  |TAMS 0x000000008c600000, 0x000000008c600000| Untracked 
| 199|0x000000008c700000, 0x000000008c700000, 0x000000008c800000|  0%| F|  |TAMS 0x000000008c700000, 0x000000008c700000| Untracked 
| 200|0x000000008c800000, 0x000000008c800000, 0x000000008c900000|  0%| F|  |TAMS 0x000000008c800000, 0x000000008c800000| Untracked 
| 201|0x000000008c900000, 0x000000008c900000, 0x000000008ca00000|  0%| F|  |TAMS 0x000000008c900000, 0x000000008c900000| Untracked 
| 202|0x000000008ca00000, 0x000000008ca00000, 0x000000008cb00000|  0%| F|  |TAMS 0x000000008ca00000, 0x000000008ca00000| Untracked 
| 203|0x000000008cb00000, 0x000000008cb00000, 0x000000008cc00000|  0%| F|  |TAMS 0x000000008cb00000, 0x000000008cb00000| Untracked 
| 204|0x000000008cc00000, 0x000000008cc00000, 0x000000008cd00000|  0%| F|  |TAMS 0x000000008cc00000, 0x000000008cc00000| Untracked 
| 205|0x000000008cd00000, 0x000000008cd00000, 0x000000008ce00000|  0%| F|  |TAMS 0x000000008cd00000, 0x000000008cd00000| Untracked 
| 206|0x000000008ce00000, 0x000000008ce00000, 0x000000008cf00000|  0%| F|  |TAMS 0x000000008ce00000, 0x000000008ce00000| Untracked 
| 207|0x000000008cf00000, 0x000000008cf00000, 0x000000008d000000|  0%| F|  |TAMS 0x000000008cf00000, 0x000000008cf00000| Untracked 
| 208|0x000000008d000000, 0x000000008d000000, 0x000000008d100000|  0%| F|  |TAMS 0x000000008d000000, 0x000000008d000000| Untracked 
| 209|0x000000008d100000, 0x000000008d100000, 0x000000008d200000|  0%| F|  |TAMS 0x000000008d100000, 0x000000008d100000| Untracked 
| 210|0x000000008d200000, 0x000000008d200000, 0x000000008d300000|  0%| F|  |TAMS 0x000000008d200000, 0x000000008d200000| Untracked 
| 211|0x000000008d300000, 0x000000008d300000, 0x000000008d400000|  0%| F|  |TAMS 0x000000008d300000, 0x000000008d300000| Untracked 
| 212|0x000000008d400000, 0x000000008d400000, 0x000000008d500000|  0%| F|  |TAMS 0x000000008d400000, 0x000000008d400000| Untracked 
| 213|0x000000008d500000, 0x000000008d500000, 0x000000008d600000|  0%| F|  |TAMS 0x000000008d500000, 0x000000008d500000| Untracked 
| 214|0x000000008d600000, 0x000000008d600000, 0x000000008d700000|  0%| F|  |TAMS 0x000000008d600000, 0x000000008d600000| Untracked 
| 215|0x000000008d700000, 0x000000008d700000, 0x000000008d800000|  0%| F|  |TAMS 0x000000008d700000, 0x000000008d700000| Untracked 
| 216|0x000000008d800000, 0x000000008d800000, 0x000000008d900000|  0%| F|  |TAMS 0x000000008d800000, 0x000000008d800000| Untracked 
| 217|0x000000008d900000, 0x000000008d900000, 0x000000008da00000|  0%| F|  |TAMS 0x000000008d900000, 0x000000008d900000| Untracked 
| 218|0x000000008da00000, 0x000000008da00000, 0x000000008db00000|  0%| F|  |TAMS 0x000000008da00000, 0x000000008da00000| Untracked 
| 219|0x000000008db00000, 0x000000008db00000, 0x000000008dc00000|  0%| F|  |TAMS 0x000000008db00000, 0x000000008db00000| Untracked 
| 220|0x000000008dc00000, 0x000000008dc00000, 0x000000008dd00000|  0%| F|  |TAMS 0x000000008dc00000, 0x000000008dc00000| Untracked 
| 221|0x000000008dd00000, 0x000000008dd00000, 0x000000008de00000|  0%| F|  |TAMS 0x000000008dd00000, 0x000000008dd00000| Untracked 
| 222|0x000000008de00000, 0x000000008de00000, 0x000000008df00000|  0%| F|  |TAMS 0x000000008de00000, 0x000000008de00000| Untracked 
| 223|0x000000008df00000, 0x000000008df00000, 0x000000008e000000|  0%| F|  |TAMS 0x000000008df00000, 0x000000008df00000| Untracked 
| 224|0x000000008e000000, 0x000000008e000000, 0x000000008e100000|  0%| F|  |TAMS 0x000000008e000000, 0x000000008e000000| Untracked 
| 225|0x000000008e100000, 0x000000008e100000, 0x000000008e200000|  0%| F|  |TAMS 0x000000008e100000, 0x000000008e100000| Untracked 
| 226|0x000000008e200000, 0x000000008e200000, 0x000000008e300000|  0%| F|  |TAMS 0x000000008e200000, 0x000000008e200000| Untracked 
| 227|0x000000008e300000, 0x000000008e300000, 0x000000008e400000|  0%| F|  |TAMS 0x000000008e300000, 0x000000008e300000| Untracked 
| 228|0x000000008e400000, 0x000000008e400000, 0x000000008e500000|  0%| F|  |TAMS 0x000000008e400000, 0x000000008e400000| Untracked 
| 229|0x000000008e500000, 0x000000008e500000, 0x000000008e600000|  0%| F|  |TAMS 0x000000008e500000, 0x000000008e500000| Untracked 
| 230|0x000000008e600000, 0x000000008e600000, 0x000000008e700000|  0%| F|  |TAMS 0x000000008e600000, 0x000000008e600000| Untracked 
| 231|0x000000008e700000, 0x000000008e700000, 0x000000008e800000|  0%| F|  |TAMS 0x000000008e700000, 0x000000008e700000| Untracked 
| 232|0x000000008e800000, 0x000000008e800000, 0x000000008e900000|  0%| F|  |TAMS 0x000000008e800000, 0x000000008e800000| Untracked 
| 233|0x000000008e900000, 0x000000008e900000, 0x000000008ea00000|  0%| F|  |TAMS 0x000000008e900000, 0x000000008e900000| Untracked 
| 234|0x000000008ea00000, 0x000000008ea00000, 0x000000008eb00000|  0%| F|  |TAMS 0x000000008ea00000, 0x000000008ea00000| Untracked 
| 235|0x000000008eb00000, 0x000000008eb00000, 0x000000008ec00000|  0%| F|  |TAMS 0x000000008eb00000, 0x000000008eb00000| Untracked 
| 236|0x000000008ec00000, 0x000000008ec00000, 0x000000008ed00000|  0%| F|  |TAMS 0x000000008ec00000, 0x000000008ec00000| Untracked 
| 237|0x000000008ed00000, 0x000000008ed00000, 0x000000008ee00000|  0%| F|  |TAMS 0x000000008ed00000, 0x000000008ed00000| Untracked 
| 238|0x000000008ee00000, 0x000000008ee00000, 0x000000008ef00000|  0%| F|  |TAMS 0x000000008ee00000, 0x000000008ee00000| Untracked 
| 239|0x000000008ef00000, 0x000000008ef00000, 0x000000008f000000|  0%| F|  |TAMS 0x000000008ef00000, 0x000000008ef00000| Untracked 
| 240|0x000000008f000000, 0x000000008f000000, 0x000000008f100000|  0%| F|  |TAMS 0x000000008f000000, 0x000000008f000000| Untracked 
| 241|0x000000008f100000, 0x000000008f100000, 0x000000008f200000|  0%| F|  |TAMS 0x000000008f100000, 0x000000008f100000| Untracked 
| 242|0x000000008f200000, 0x000000008f200000, 0x000000008f300000|  0%| F|  |TAMS 0x000000008f200000, 0x000000008f200000| Untracked 
| 243|0x000000008f300000, 0x000000008f300000, 0x000000008f400000|  0%| F|  |TAMS 0x000000008f300000, 0x000000008f300000| Untracked 
| 244|0x000000008f400000, 0x000000008f400000, 0x000000008f500000|  0%| F|  |TAMS 0x000000008f400000, 0x000000008f400000| Untracked 
| 245|0x000000008f500000, 0x000000008f500000, 0x000000008f600000|  0%| F|  |TAMS 0x000000008f500000, 0x000000008f500000| Untracked 
| 246|0x000000008f600000, 0x000000008f600000, 0x000000008f700000|  0%| F|  |TAMS 0x000000008f600000, 0x000000008f600000| Untracked 
| 247|0x000000008f700000, 0x000000008f700000, 0x000000008f800000|  0%| F|  |TAMS 0x000000008f700000, 0x000000008f700000| Untracked 
| 248|0x000000008f800000, 0x000000008f800000, 0x000000008f900000|  0%| F|  |TAMS 0x000000008f800000, 0x000000008f800000| Untracked 
| 249|0x000000008f900000, 0x000000008f900000, 0x000000008fa00000|  0%| F|  |TAMS 0x000000008f900000, 0x000000008f900000| Untracked 
| 250|0x000000008fa00000, 0x000000008fa00000, 0x000000008fb00000|  0%| F|  |TAMS 0x000000008fa00000, 0x000000008fa00000| Untracked 
| 251|0x000000008fb00000, 0x000000008fb00000, 0x000000008fc00000|  0%| F|  |TAMS 0x000000008fb00000, 0x000000008fb00000| Untracked 
| 252|0x000000008fc00000, 0x000000008fc00000, 0x000000008fd00000|  0%| F|  |TAMS 0x000000008fc00000, 0x000000008fc00000| Untracked 
| 253|0x000000008fd00000, 0x000000008fd00000, 0x000000008fe00000|  0%| F|  |TAMS 0x000000008fd00000, 0x000000008fd00000| Untracked 
| 254|0x000000008fe00000, 0x000000008fe00000, 0x000000008ff00000|  0%| F|  |TAMS 0x000000008fe00000, 0x000000008fe00000| Untracked 
| 255|0x000000008ff00000, 0x000000008ff00000, 0x0000000090000000|  0%| F|  |TAMS 0x000000008ff00000, 0x000000008ff00000| Untracked 
| 256|0x0000000090000000, 0x0000000090000000, 0x0000000090100000|  0%| F|  |TAMS 0x0000000090000000, 0x0000000090000000| Untracked 
| 257|0x0000000090100000, 0x0000000090100000, 0x0000000090200000|  0%| F|  |TAMS 0x0000000090100000, 0x0000000090100000| Untracked 
| 258|0x0000000090200000, 0x0000000090200000, 0x0000000090300000|  0%| F|  |TAMS 0x0000000090200000, 0x0000000090200000| Untracked 
| 259|0x0000000090300000, 0x0000000090300000, 0x0000000090400000|  0%| F|  |TAMS 0x0000000090300000, 0x0000000090300000| Untracked 
| 260|0x0000000090400000, 0x0000000090400000, 0x0000000090500000|  0%| F|  |TAMS 0x0000000090400000, 0x0000000090400000| Untracked 
| 261|0x0000000090500000, 0x0000000090500000, 0x0000000090600000|  0%| F|  |TAMS 0x0000000090500000, 0x0000000090500000| Untracked 
| 262|0x0000000090600000, 0x0000000090600000, 0x0000000090700000|  0%| F|  |TAMS 0x0000000090600000, 0x0000000090600000| Untracked 
| 263|0x0000000090700000, 0x0000000090700000, 0x0000000090800000|  0%| F|  |TAMS 0x0000000090700000, 0x0000000090700000| Untracked 
| 264|0x0000000090800000, 0x0000000090800000, 0x0000000090900000|  0%| F|  |TAMS 0x0000000090800000, 0x0000000090800000| Untracked 
| 265|0x0000000090900000, 0x0000000090900000, 0x0000000090a00000|  0%| F|  |TAMS 0x0000000090900000, 0x0000000090900000| Untracked 
| 266|0x0000000090a00000, 0x0000000090a00000, 0x0000000090b00000|  0%| F|  |TAMS 0x0000000090a00000, 0x0000000090a00000| Untracked 
| 267|0x0000000090b00000, 0x0000000090b00000, 0x0000000090c00000|  0%| F|  |TAMS 0x0000000090b00000, 0x0000000090b00000| Untracked 
| 268|0x0000000090c00000, 0x0000000090c00000, 0x0000000090d00000|  0%| F|  |TAMS 0x0000000090c00000, 0x0000000090c00000| Untracked 
| 269|0x0000000090d00000, 0x0000000090d00000, 0x0000000090e00000|  0%| F|  |TAMS 0x0000000090d00000, 0x0000000090d00000| Untracked 
| 270|0x0000000090e00000, 0x0000000090e00000, 0x0000000090f00000|  0%| F|  |TAMS 0x0000000090e00000, 0x0000000090e00000| Untracked 
| 271|0x0000000090f00000, 0x0000000090f00000, 0x0000000091000000|  0%| F|  |TAMS 0x0000000090f00000, 0x0000000090f00000| Untracked 
| 272|0x0000000091000000, 0x0000000091000000, 0x0000000091100000|  0%| F|  |TAMS 0x0000000091000000, 0x0000000091000000| Untracked 
| 273|0x0000000091100000, 0x0000000091100000, 0x0000000091200000|  0%| F|  |TAMS 0x0000000091100000, 0x0000000091100000| Untracked 
| 274|0x0000000091200000, 0x0000000091200000, 0x0000000091300000|  0%| F|  |TAMS 0x0000000091200000, 0x0000000091200000| Untracked 
| 275|0x0000000091300000, 0x0000000091300000, 0x0000000091400000|  0%| F|  |TAMS 0x0000000091300000, 0x0000000091300000| Untracked 
| 276|0x0000000091400000, 0x0000000091400000, 0x0000000091500000|  0%| F|  |TAMS 0x0000000091400000, 0x0000000091400000| Untracked 
| 277|0x0000000091500000, 0x0000000091500000, 0x0000000091600000|  0%| F|  |TAMS 0x0000000091500000, 0x0000000091500000| Untracked 
| 278|0x0000000091600000, 0x0000000091600000, 0x0000000091700000|  0%| F|  |TAMS 0x0000000091600000, 0x0000000091600000| Untracked 
| 279|0x0000000091700000, 0x0000000091700000, 0x0000000091800000|  0%| F|  |TAMS 0x0000000091700000, 0x0000000091700000| Untracked 
| 280|0x0000000091800000, 0x0000000091800000, 0x0000000091900000|  0%| F|  |TAMS 0x0000000091800000, 0x0000000091800000| Untracked 
| 281|0x0000000091900000, 0x0000000091900000, 0x0000000091a00000|  0%| F|  |TAMS 0x0000000091900000, 0x0000000091900000| Untracked 
| 282|0x0000000091a00000, 0x0000000091a00000, 0x0000000091b00000|  0%| F|  |TAMS 0x0000000091a00000, 0x0000000091a00000| Untracked 
| 283|0x0000000091b00000, 0x0000000091b00000, 0x0000000091c00000|  0%| F|  |TAMS 0x0000000091b00000, 0x0000000091b00000| Untracked 
| 284|0x0000000091c00000, 0x0000000091c00000, 0x0000000091d00000|  0%| F|  |TAMS 0x0000000091c00000, 0x0000000091c00000| Untracked 
| 285|0x0000000091d00000, 0x0000000091d00000, 0x0000000091e00000|  0%| F|  |TAMS 0x0000000091d00000, 0x0000000091d00000| Untracked 
| 286|0x0000000091e00000, 0x0000000091e00000, 0x0000000091f00000|  0%| F|  |TAMS 0x0000000091e00000, 0x0000000091e00000| Untracked 
| 287|0x0000000091f00000, 0x0000000091f00000, 0x0000000092000000|  0%| F|  |TAMS 0x0000000091f00000, 0x0000000091f00000| Untracked 
| 288|0x0000000092000000, 0x0000000092000000, 0x0000000092100000|  0%| F|  |TAMS 0x0000000092000000, 0x0000000092000000| Untracked 
| 289|0x0000000092100000, 0x0000000092100000, 0x0000000092200000|  0%| F|  |TAMS 0x0000000092100000, 0x0000000092100000| Untracked 
| 290|0x0000000092200000, 0x0000000092200000, 0x0000000092300000|  0%| F|  |TAMS 0x0000000092200000, 0x0000000092200000| Untracked 
| 291|0x0000000092300000, 0x0000000092300000, 0x0000000092400000|  0%| F|  |TAMS 0x0000000092300000, 0x0000000092300000| Untracked 
| 292|0x0000000092400000, 0x00000000924804c0, 0x0000000092500000| 50%| E|  |TAMS 0x0000000092400000, 0x0000000092400000| Complete 
| 293|0x0000000092500000, 0x0000000092600000, 0x0000000092600000|100%| E|CS|TAMS 0x0000000092500000, 0x0000000092500000| Complete 
| 294|0x0000000092600000, 0x0000000092700000, 0x0000000092700000|100%| E|CS|TAMS 0x0000000092600000, 0x0000000092600000| Complete 
| 295|0x0000000092700000, 0x0000000092800000, 0x0000000092800000|100%| E|CS|TAMS 0x0000000092700000, 0x0000000092700000| Complete 
| 296|0x0000000092800000, 0x0000000092900000, 0x0000000092900000|100%| E|CS|TAMS 0x0000000092800000, 0x0000000092800000| Complete 
| 297|0x0000000092900000, 0x0000000092a00000, 0x0000000092a00000|100%| E|CS|TAMS 0x0000000092900000, 0x0000000092900000| Complete 
| 298|0x0000000092a00000, 0x0000000092b00000, 0x0000000092b00000|100%| S|CS|TAMS 0x0000000092a00000, 0x0000000092a00000| Complete 
| 299|0x0000000092b00000, 0x0000000092c00000, 0x0000000092c00000|100%| S|CS|TAMS 0x0000000092b00000, 0x0000000092b00000| Complete 
| 300|0x0000000092c00000, 0x0000000092d00000, 0x0000000092d00000|100%| E|CS|TAMS 0x0000000092c00000, 0x0000000092c00000| Complete 
| 301|0x0000000092d00000, 0x0000000092e00000, 0x0000000092e00000|100%| E|CS|TAMS 0x0000000092d00000, 0x0000000092d00000| Complete 
| 302|0x0000000092e00000, 0x0000000092f00000, 0x0000000092f00000|100%| E|CS|TAMS 0x0000000092e00000, 0x0000000092e00000| Complete 
| 303|0x0000000092f00000, 0x0000000093000000, 0x0000000093000000|100%| E|  |TAMS 0x0000000092f00000, 0x0000000092f00000| Complete 
| 304|0x0000000093000000, 0x0000000093100000, 0x0000000093100000|100%| E|CS|TAMS 0x0000000093000000, 0x0000000093000000| Complete 
| 305|0x0000000093100000, 0x0000000093200000, 0x0000000093200000|100%| E|CS|TAMS 0x0000000093100000, 0x0000000093100000| Complete 
| 306|0x0000000093200000, 0x0000000093300000, 0x0000000093300000|100%| E|CS|TAMS 0x0000000093200000, 0x0000000093200000| Complete 
| 307|0x0000000093300000, 0x0000000093400000, 0x0000000093400000|100%| E|CS|TAMS 0x0000000093300000, 0x0000000093300000| Complete 
| 308|0x0000000093400000, 0x0000000093500000, 0x0000000093500000|100%| E|CS|TAMS 0x0000000093400000, 0x0000000093400000| Complete 

Card table byte_map: [0x0000022076130000,0x0000022076530000] _byte_map_base: 0x0000022075d30000

Marking Bits (Prev, Next): (CMBitMap*) 0x0000022071c29480, (CMBitMap*) 0x0000022071c29448
 Prev Bits: [0x0000022078930000, 0x000002207a930000)
 Next Bits: [0x0000022076930000, 0x0000022078930000)

Polling page: 0x0000022070210000

Metaspace:

Usage:
  Non-class:     95.30 MB capacity,    93.50 MB ( 98%) used,     1.49 MB (  2%) free+waste,   319.31 KB ( <1%) overhead. 
      Class:     14.52 MB capacity,    13.53 MB ( 93%) used,   876.21 KB (  6%) free+waste,   142.06 KB ( <1%) overhead. 
       Both:    109.82 MB capacity,   107.02 MB ( 97%) used,     2.34 MB (  2%) free+waste,   461.38 KB ( <1%) overhead. 

Virtual space:
  Non-class space:       96.00 MB reserved,      95.50 MB (>99%) committed 
      Class space:        1.00 GB reserved,      14.63 MB (  1%) committed 
             Both:        1.09 GB reserved,     110.13 MB ( 10%) committed 

Chunk freelists:
   Non-Class:  16.00 KB
       Class:  11.00 KB
        Both:  27.00 KB

MaxMetaspaceSize: 17179869184.00 GB
CompressedClassSpaceSize: 1.00 GB
Initial GC threshold: 20.80 MB
Current GC threshold: 176.04 MB
CDS: off

CodeHeap 'non-profiled nmethods': size=120064Kb used=7719Kb max_used=7719Kb free=112344Kb
 bounds [0x0000022007ac0000, 0x0000022008250000, 0x000002200f000000]
CodeHeap 'profiled nmethods': size=120000Kb used=30268Kb max_used=30268Kb free=89731Kb
 bounds [0x0000022000590000, 0x0000022002320000, 0x0000022007ac0000]
CodeHeap 'non-nmethods': size=5696Kb used=2431Kb max_used=2491Kb free=3264Kb
 bounds [0x0000022000000000, 0x0000022000290000, 0x0000022000590000]
 total_blobs=15015 nmethods=14054 adapters=872
 compilation: enabled
              stopped_count=0, restarted_count=0
 full_count=0

Compilation events (20 events):
Event: 1159.005 Thread 0x000002207cf65000 nmethod 14240 0x00000220022f2010 code [0x00000220022f21c0, 0x00000220022f2308]
Event: 1159.005 Thread 0x000002207cf65000 14242       3       java.lang.CharacterDataLatin1::isJavaIdentifierStart (23 bytes)
Event: 1159.005 Thread 0x000002207cf65000 nmethod 14242 0x00000220022f2410 code [0x00000220022f25e0, 0x00000220022f27f8]
Event: 1159.005 Thread 0x000002207cf65000 14241       3       com.google.common.collect.LinkedListMultimap::addNode (331 bytes)
Event: 1159.007 Thread 0x000002207cf65000 nmethod 14241 0x00000220022f2910 code [0x00000220022f2c00, 0x00000220022f4368]
Event: 1159.007 Thread 0x000002207cf65000 14244       3       com.google.common.base.AbstractIterator::hasNext (65 bytes)
Event: 1159.008 Thread 0x000002207cf65000 nmethod 14244 0x00000220022f4910 code [0x00000220022f4b00, 0x00000220022f4ed8]
Event: 1159.008 Thread 0x000002207cf65000 14245       3       org.apache.xerces.dom.ElementImpl::getAttributes (36 bytes)
Event: 1159.008 Thread 0x000002207cf65000 nmethod 14245 0x00000220022f5090 code [0x00000220022f5280, 0x00000220022f57c8]
Event: 1159.008 Thread 0x000002207cf65000 14243       1       com.android.ide.common.resources.DataSet::getConfigName (5 bytes)
Event: 1159.008 Thread 0x000002207cf65000 nmethod 14243 0x0000022008240f90 code [0x0000022008241140, 0x00000220082411f8]
Event: 1159.009 Thread 0x000002207cf65000 14247       3       com.android.resources.ResourceType::fromXmlTagName (11 bytes)
Event: 1159.009 Thread 0x000002207cf65000 nmethod 14247 0x00000220022f5910 code [0x00000220022f5ae0, 0x00000220022f5d48]
Event: 1159.009 Thread 0x000002207cf65000 14248       3       org.apache.xerces.dom.DeferredDocumentImpl::synchronizeChildren (127 bytes)
Event: 1159.010 Thread 0x000002207cf65000 nmethod 14248 0x00000220022f5e90 code [0x00000220022f6100, 0x00000220022f6c68]
Event: 1159.010 Thread 0x000002207cf65000 14250       3       org.apache.xerces.dom.ParentNode::nodeListGetLength (141 bytes)
Event: 1159.011 Thread 0x000002207cf65000 nmethod 14250 0x00000220022f7090 code [0x00000220022f72a0, 0x00000220022f79b8]
Event: 1159.011 Thread 0x000002207cf65000 14251       3       com.google.common.base.MoreObjects::firstNonNull (22 bytes)
Event: 1159.012 Thread 0x000002207cf65000 nmethod 14251 0x00000220022f7b90 code [0x00000220022f7d60, 0x00000220022f7f88]
Event: 1159.012 Thread 0x000002207cf65000 14252       3       org.apache.xerces.dom.AttrNSImpl::getNamespaceURI (16 bytes)

GC Heap History (20 events):
Event: 26.392 GC heap before
{Heap before GC invocations=67 (full 0):
 garbage-first heap   total 263168K, used 160242K [0x0000000080000000, 0x0000000100000000)
  region size 1024K, 46 young (47104K), 7 survivors (7168K)
 Metaspace       used 78014K, capacity 79901K, committed 80000K, reserved 1118208K
  class space    used 10081K, capacity 10783K, committed 10880K, reserved 1048576K
}
Event: 26.410 GC heap after
{Heap after GC invocations=68 (full 0):
 garbage-first heap   total 263168K, used 128285K [0x0000000080000000, 0x0000000100000000)
  region size 1024K, 10 young (10240K), 10 survivors (10240K)
 Metaspace       used 78014K, capacity 79901K, committed 80000K, reserved 1118208K
  class space    used 10081K, capacity 10783K, committed 10880K, reserved 1048576K
}
Event: 27.931 GC heap before
{Heap before GC invocations=69 (full 0):
 garbage-first heap   total 263168K, used 199965K [0x0000000080000000, 0x0000000100000000)
  region size 1024K, 74 young (75776K), 10 survivors (10240K)
 Metaspace       used 80890K, capacity 82977K, committed 83200K, reserved 1122304K
  class space    used 10469K, capacity 11200K, committed 11264K, reserved 1048576K
}
Event: 27.949 GC heap after
{Heap after GC invocations=70 (full 0):
 garbage-first heap   total 263168K, used 139315K [0x0000000080000000, 0x0000000100000000)
  region size 1024K, 5 young (5120K), 5 survivors (5120K)
 Metaspace       used 80890K, capacity 82977K, committed 83200K, reserved 1122304K
  class space    used 10469K, capacity 11200K, committed 11264K, reserved 1048576K
}
Event: 28.127 GC heap before
{Heap before GC invocations=70 (full 0):
 garbage-first heap   total 263168K, used 162867K [0x0000000080000000, 0x0000000100000000)
  region size 1024K, 30 young (30720K), 5 survivors (5120K)
 Metaspace       used 81912K, capacity 83941K, committed 84096K, reserved 1122304K
  class space    used 10581K, capacity 11302K, committed 11392K, reserved 1048576K
}
Event: 28.134 GC heap after
{Heap after GC invocations=71 (full 0):
 garbage-first heap   total 263168K, used 140407K [0x0000000080000000, 0x0000000100000000)
  region size 1024K, 6 young (6144K), 6 survivors (6144K)
 Metaspace       used 81912K, capacity 83941K, committed 84096K, reserved 1122304K
  class space    used 10581K, capacity 11302K, committed 11392K, reserved 1048576K
}
Event: 29.650 GC heap before
{Heap before GC invocations=72 (full 0):
 garbage-first heap   total 263168K, used 209015K [0x0000000080000000, 0x0000000100000000)
  region size 1024K, 72 young (73728K), 6 survivors (6144K)
 Metaspace       used 90162K, capacity 92342K, committed 92544K, reserved 1130496K
  class space    used 11619K, capacity 12399K, committed 12416K, reserved 1048576K
}
Event: 29.667 GC heap after
{Heap after GC invocations=73 (full 0):
 garbage-first heap   total 263168K, used 141971K [0x0000000080000000, 0x0000000100000000)
  region size 1024K, 4 young (4096K), 4 survivors (4096K)
 Metaspace       used 90162K, capacity 92342K, committed 92544K, reserved 1130496K
  class space    used 11619K, capacity 12399K, committed 12416K, reserved 1048576K
}
Event: 31.147 GC heap before
{Heap before GC invocations=73 (full 0):
 garbage-first heap   total 263168K, used 208531K [0x0000000080000000, 0x0000000100000000)
  region size 1024K, 70 young (71680K), 4 survivors (4096K)
 Metaspace       used 94802K, capacity 97223K, committed 97280K, reserved 1134592K
  class space    used 12191K, capacity 13054K, committed 13056K, reserved 1048576K
}
Event: 31.169 GC heap after
{Heap after GC invocations=74 (full 0):
 garbage-first heap   total 263168K, used 146982K [0x0000000080000000, 0x0000000100000000)
  region size 1024K, 9 young (9216K), 9 survivors (9216K)
 Metaspace       used 94802K, capacity 97223K, committed 97280K, reserved 1134592K
  class space    used 12191K, capacity 13054K, committed 13056K, reserved 1048576K
}
Event: 32.583 GC heap before
{Heap before GC invocations=75 (full 0):
 garbage-first heap   total 263168K, used 212518K [0x0000000080000000, 0x0000000100000000)
  region size 1024K, 74 young (75776K), 9 survivors (9216K)
 Metaspace       used 96344K, capacity 98697K, committed 98816K, reserved 1134592K
  class space    used 12307K, capacity 13218K, committed 13312K, reserved 1048576K
}
Event: 32.615 GC heap after
{Heap after GC invocations=76 (full 0):
 garbage-first heap   total 316416K, used 150896K [0x0000000080000000, 0x0000000100000000)
  region size 1024K, 9 young (9216K), 9 survivors (9216K)
 Metaspace       used 96344K, capacity 98697K, committed 98816K, reserved 1134592K
  class space    used 12307K, capacity 13218K, committed 13312K, reserved 1048576K
}
Event: 35.414 GC heap before
{Heap before GC invocations=76 (full 0):
 garbage-first heap   total 316416K, used 241008K [0x0000000080000000, 0x0000000100000000)
  region size 1024K, 98 young (100352K), 9 survivors (9216K)
 Metaspace       used 102213K, capacity 104767K, committed 104832K, reserved 1140736K
  class space    used 13019K, capacity 13936K, committed 13952K, reserved 1048576K
}
Event: 35.469 GC heap after
{Heap after GC invocations=77 (full 0):
 garbage-first heap   total 316416K, used 155690K [0x0000000080000000, 0x0000000100000000)
  region size 1024K, 9 young (9216K), 9 survivors (9216K)
 Metaspace       used 102213K, capacity 104767K, committed 104832K, reserved 1140736K
  class space    used 13019K, capacity 13936K, committed 13952K, reserved 1048576K
}
Event: 662.303 GC heap before
{Heap before GC invocations=77 (full 0):
 garbage-first heap   total 316416K, used 249898K [0x0000000080000000, 0x0000000100000000)
  region size 1024K, 102 young (104448K), 9 survivors (9216K)
 Metaspace       used 105161K, capacity 107880K, committed 108160K, reserved 1142784K
  class space    used 13381K, capacity 14339K, committed 14464K, reserved 1048576K
}
Event: 662.391 GC heap after
{Heap after GC invocations=78 (full 0):
 garbage-first heap   total 316416K, used 159340K [0x0000000080000000, 0x0000000100000000)
  region size 1024K, 8 young (8192K), 8 survivors (8192K)
 Metaspace       used 105161K, capacity 107880K, committed 108160K, reserved 1142784K
  class space    used 13381K, capacity 14339K, committed 14464K, reserved 1048576K
}
Event: 1158.024 GC heap before
{Heap before GC invocations=79 (full 0):
 garbage-first heap   total 316416K, used 256620K [0x0000000080000000, 0x0000000100000000)
  region size 1024K, 104 young (106496K), 8 survivors (8192K)
 Metaspace       used 107743K, capacity 110568K, committed 110720K, reserved 1144832K
  class space    used 13669K, capacity 14664K, committed 14720K, reserved 1048576K
}
Event: 1158.198 GC heap after
{Heap after GC invocations=80 (full 0):
 garbage-first heap   total 316416K, used 168653K [0x0000000080000000, 0x0000000100000000)
  region size 1024K, 13 young (13312K), 13 survivors (13312K)
 Metaspace       used 107743K, capacity 110568K, committed 110720K, reserved 1144832K
  class space    used 13669K, capacity 14664K, committed 14720K, reserved 1048576K
}
Event: 1158.456 GC heap before
{Heap before GC invocations=80 (full 0):
 garbage-first heap   total 316416K, used 175821K [0x0000000080000000, 0x0000000100000000)
  region size 1024K, 22 young (22528K), 13 survivors (13312K)
 Metaspace       used 108822K, capacity 111669K, committed 111872K, reserved 1146880K
  class space    used 13767K, capacity 14754K, committed 14848K, reserved 1048576K
}
Event: 1158.530 GC heap after
{Heap after GC invocations=81 (full 0):
 garbage-first heap   total 316416K, used 170191K [0x0000000080000000, 0x0000000100000000)
  region size 1024K, 2 young (2048K), 2 survivors (2048K)
 Metaspace       used 108822K, capacity 111669K, committed 111872K, reserved 1146880K
  class space    used 13767K, capacity 14754K, committed 14848K, reserved 1048576K
}

Deoptimization events (20 events):
Event: 1158.672 Thread 0x00000220175c2000 DEOPT PACKING pc=0x000002200228ae17 sp=0x000000b7bf2fa490
Event: 1158.672 Thread 0x00000220175c2000 DEOPT UNPACKING pc=0x000002200004a95e sp=0x000000b7bf2f9a18 mode 0
Event: 1158.673 Thread 0x00000220175c2000 DEOPT PACKING pc=0x000002200228ae17 sp=0x000000b7bf2fa1c0
Event: 1158.673 Thread 0x00000220175c2000 DEOPT UNPACKING pc=0x000002200004a95e sp=0x000000b7bf2f9748 mode 0
Event: 1158.674 Thread 0x00000220175c2000 DEOPT PACKING pc=0x000002200228ae17 sp=0x000000b7bf2fa1c0
Event: 1158.674 Thread 0x00000220175c2000 DEOPT UNPACKING pc=0x000002200004a95e sp=0x000000b7bf2f9748 mode 0
Event: 1158.678 Thread 0x00000220175c2000 DEOPT PACKING pc=0x000002200228ae17 sp=0x000000b7bf2fa240
Event: 1158.678 Thread 0x00000220175c2000 DEOPT UNPACKING pc=0x000002200004a95e sp=0x000000b7bf2f97c8 mode 0
Event: 1158.679 Thread 0x00000220175c2000 DEOPT PACKING pc=0x000002200228ae17 sp=0x000000b7bf2fa2a0
Event: 1158.679 Thread 0x00000220175c2000 DEOPT UNPACKING pc=0x000002200004a95e sp=0x000000b7bf2f9828 mode 0
Event: 1158.681 Thread 0x00000220175c2000 DEOPT PACKING pc=0x000002200228ae17 sp=0x000000b7bf2fa4f0
Event: 1158.681 Thread 0x00000220175c2000 DEOPT UNPACKING pc=0x000002200004a95e sp=0x000000b7bf2f9a78 mode 0
Event: 1158.730 Thread 0x00000220175c2000 Uncommon trap: trap_request=0xffffff4d fr.pc=0x000002200822ef00 relative=0x0000000000000ac0
Event: 1158.730 Thread 0x00000220175c2000 Uncommon trap: reason=unstable_if action=reinterpret pc=0x000002200822ef00 method=sun.nio.cs.UTF_8$Decoder.decodeArrayLoop(Ljava/nio/ByteBuffer;Ljava/nio/CharBuffer;)Ljava/nio/charset/CoderResult; @ 287 c2
Event: 1158.730 Thread 0x00000220175c2000 DEOPT PACKING pc=0x000002200822ef00 sp=0x000000b7bf2fa640
Event: 1158.730 Thread 0x00000220175c2000 DEOPT UNPACKING pc=0x000002200004a1af sp=0x000000b7bf2fa578 mode 2
Event: 1158.732 Thread 0x00000220175c2000 Uncommon trap: trap_request=0xffffff4d fr.pc=0x0000022007bd4568 relative=0x0000000000000648
Event: 1158.733 Thread 0x00000220175c2000 Uncommon trap: reason=unstable_if action=reinterpret pc=0x0000022007bd4568 method=sun.nio.cs.UTF_8$Decoder.decodeArrayLoop(Ljava/nio/ByteBuffer;Ljava/nio/CharBuffer;)Ljava/nio/charset/CoderResult; @ 84 c2
Event: 1158.733 Thread 0x00000220175c2000 DEOPT PACKING pc=0x0000022007bd4568 sp=0x000000b7bf2fa710
Event: 1158.733 Thread 0x00000220175c2000 DEOPT UNPACKING pc=0x000002200004a1af sp=0x000000b7bf2fa6a0 mode 2

Classes redefined (0 events):
No events

Internal exceptions (20 events):
Event: 1154.019 Thread 0x000002201144e800 Exception <a 'java/lang/NoSuchMethodError'{0x00000000915e0f98}: <clinit>> (0x00000000915e0f98) thrown at [./src/hotspot/share/prims/jni.cpp, line 1366]
Event: 1154.020 Thread 0x000002201144e800 Exception <a 'java/lang/NoSuchMethodError'{0x00000000915e22a0}: <clinit>> (0x00000000915e22a0) thrown at [./src/hotspot/share/prims/jni.cpp, line 1366]
Event: 1154.029 Thread 0x000002201144e800 Exception <a 'java/lang/NoSuchMethodError'{0x00000000915eb3d8}: <clinit>> (0x00000000915eb3d8) thrown at [./src/hotspot/share/prims/jni.cpp, line 1366]
Event: 1154.034 Thread 0x000002201144e800 Exception <a 'java/lang/NoSuchMethodError'{0x0000000091407630}: <clinit>> (0x0000000091407630) thrown at [./src/hotspot/share/prims/jni.cpp, line 1366]
Event: 1154.061 Thread 0x000002201144e800 Exception <a 'java/lang/NoSuchMethodError'{0x000000009141af60}: <clinit>> (0x000000009141af60) thrown at [./src/hotspot/share/prims/jni.cpp, line 1366]
Event: 1154.374 Thread 0x000002201144c800 Exception <a 'sun/nio/fs/WindowsException'{0x00000000912dd4d0}> (0x00000000912dd4d0) thrown at [./src/hotspot/share/prims/jni.cpp, line 616]
Event: 1155.078 Thread 0x000002201144c800 Implicit null exception at 0x0000022008180af0 to 0x00000220081810a3
Event: 1155.078 Thread 0x000002201144c800 Implicit null exception at 0x000002200815603e to 0x0000022008156770
Event: 1155.937 Thread 0x000002201144c800 Exception <a 'sun/nio/fs/WindowsException'{0x000000008fed51e0}> (0x000000008fed51e0) thrown at [./src/hotspot/share/prims/jni.cpp, line 616]
Event: 1156.018 Thread 0x000002201144c800 Exception <a 'sun/nio/fs/WindowsException'{0x000000008fd7d9b0}> (0x000000008fd7d9b0) thrown at [./src/hotspot/share/prims/jni.cpp, line 616]
Event: 1156.019 Thread 0x000002201144c800 Exception <a 'sun/nio/fs/WindowsException'{0x000000008fd7ed28}> (0x000000008fd7ed28) thrown at [./src/hotspot/share/prims/jni.cpp, line 616]
Event: 1156.019 Thread 0x000002201144c800 Exception <a 'sun/nio/fs/WindowsException'{0x000000008fd800f0}> (0x000000008fd800f0) thrown at [./src/hotspot/share/prims/jni.cpp, line 616]
Event: 1156.020 Thread 0x000002201144c800 Exception <a 'sun/nio/fs/WindowsException'{0x000000008fd814b8}> (0x000000008fd814b8) thrown at [./src/hotspot/share/prims/jni.cpp, line 616]
Event: 1156.869 Thread 0x00000220175c5000 Implicit null exception at 0x0000022007f54f77 to 0x0000022007f55104
Event: 1157.012 Thread 0x000002201144e800 Exception <a 'java/lang/NoSuchMethodError'{0x000000008ec809e0}: <clinit>> (0x000000008ec809e0) thrown at [./src/hotspot/share/prims/jni.cpp, line 1366]
Event: 1157.034 Thread 0x00000220175c1000 Exception <a 'java/lang/NoSuchMethodError'{0x000000008ebf2ca8}: 'int java.lang.invoke.DirectMethodHandle$Holder.invokeSpecial(java.lang.Object, java.lang.Object, java.lang.Object, java.lang.Object, java.lang.Object)'> (0x000000008ebf2ca8) thrown at [./src/hotspot/share/interpreter/linkResolver.cpp, line 773]
Event: 1157.082 Thread 0x00000220175c6000 Exception <a 'java/lang/NoSuchMethodError'{0x000000008e953b18}: <clinit>> (0x000000008e953b18) thrown at [./src/hotspot/share/prims/jni.cpp, line 1366]
Event: 1157.087 Thread 0x00000220175c6000 Exception <a 'java/lang/NoSuchMethodError'{0x000000008e963f40}: <clinit>> (0x000000008e963f40) thrown at [./src/hotspot/share/prims/jni.cpp, line 1366]
Event: 1157.094 Thread 0x00000220175c6000 Exception <a 'java/lang/NoSuchMethodError'{0x000000008e97d370}: <clinit>> (0x000000008e97d370) thrown at [./src/hotspot/share/prims/jni.cpp, line 1366]
Event: 1158.275 Thread 0x00000220175c2000 Exception <a 'java/lang/NoSuchMethodError'{0x00000000931d51a8}: 'void java.lang.invoke.DirectMethodHandle$Holder.invokeInterface(java.lang.Object, java.lang.Object, java.lang.Object, java.lang.Object)'> (0x00000000931d51a8) thrown at [./src/hotspot/share/interpreter/linkResolver.cpp, line 773]

Events (20 events):
Event: 1158.954 loading class com/android/resources/WideGamutColor
Event: 1158.954 loading class com/android/resources/WideGamutColor done
Event: 1158.955 loading class com/android/resources/HighDynamicRange
Event: 1158.955 loading class com/android/resources/HighDynamicRange done
Event: 1158.955 loading class com/android/resources/ScreenOrientation
Event: 1158.955 loading class com/android/resources/ScreenOrientation done
Event: 1158.956 loading class com/android/resources/UiMode
Event: 1158.956 loading class com/android/resources/UiMode done
Event: 1158.957 loading class com/android/resources/NightMode
Event: 1158.957 loading class com/android/resources/NightMode done
Event: 1158.958 loading class com/android/resources/TouchScreen
Event: 1158.958 loading class com/android/resources/TouchScreen done
Event: 1158.958 loading class com/android/resources/KeyboardState
Event: 1158.958 loading class com/android/resources/KeyboardState done
Event: 1158.959 loading class com/android/resources/Keyboard
Event: 1158.959 loading class com/android/resources/Keyboard done
Event: 1158.960 loading class com/android/resources/NavigationState
Event: 1158.960 loading class com/android/resources/NavigationState done
Event: 1158.960 loading class com/android/resources/Navigation
Event: 1158.960 loading class com/android/resources/Navigation done


Dynamic libraries:
0x00007ff7ca900000 - 0x00007ff7ca90a000 	C:\Program Files\Android\Android Studio\jre\bin\java.exe
0x00007ffccd950000 - 0x00007ffccdb48000 	C:\WINDOWS\SYSTEM32\ntdll.dll
0x00007ffccd850000 - 0x00007ffccd90d000 	C:\WINDOWS\System32\KERNEL32.DLL
0x00007ffccb1a0000 - 0x00007ffccb46e000 	C:\WINDOWS\System32\KERNELBASE.dll
0x00007ffccb600000 - 0x00007ffccb700000 	C:\WINDOWS\System32\ucrtbase.dll
0x00007ffcba7a0000 - 0x00007ffcba7b9000 	C:\Program Files\Android\Android Studio\jre\bin\jli.dll
0x00007ffcb9b50000 - 0x00007ffcb9b67000 	C:\Program Files\Android\Android Studio\jre\bin\VCRUNTIME140.dll
0x00007ffccb9b0000 - 0x00007ffccbb50000 	C:\WINDOWS\System32\USER32.dll
0x00007ffccb910000 - 0x00007ffccb932000 	C:\WINDOWS\System32\win32u.dll
0x00007ffccbe00000 - 0x00007ffccbe2a000 	C:\WINDOWS\System32\GDI32.dll
0x00007ffccb7b0000 - 0x00007ffccb8bb000 	C:\WINDOWS\System32\gdi32full.dll
0x00007ffccb100000 - 0x00007ffccb19d000 	C:\WINDOWS\System32\msvcp_win.dll
0x00007ffcb5aa0000 - 0x00007ffcb5d3a000 	C:\WINDOWS\WinSxS\amd64_microsoft.windows.common-controls_6595b64144ccf1df_6.0.19041.1110_none_60b5254171f9507e\COMCTL32.dll
0x00007ffccbc00000 - 0x00007ffccbc9e000 	C:\WINDOWS\System32\msvcrt.dll
0x00007ffcccef0000 - 0x00007ffcccf20000 	C:\WINDOWS\System32\IMM32.DLL
0x00007ffca2270000 - 0x00007ffca230d000 	C:\Program Files\Android\Android Studio\jre\bin\msvcp140.dll
0x00007ffca28a0000 - 0x00007ffca33a2000 	C:\Program Files\Android\Android Studio\jre\bin\server\jvm.dll
0x00007ffccc930000 - 0x00007ffccc9de000 	C:\WINDOWS\System32\ADVAPI32.dll
0x00007ffccd7b0000 - 0x00007ffccd84c000 	C:\WINDOWS\System32\sechost.dll
0x00007ffccd680000 - 0x00007ffccd7a5000 	C:\WINDOWS\System32\RPCRT4.dll
0x00007ffccc090000 - 0x00007ffccc098000 	C:\WINDOWS\System32\PSAPI.DLL
0x00007ffcb9610000 - 0x00007ffcb9637000 	C:\WINDOWS\SYSTEM32\WINMM.dll
0x00007ffcbf400000 - 0x00007ffcbf40a000 	C:\WINDOWS\SYSTEM32\VERSION.dll
0x00007ffcca690000 - 0x00007ffcca699000 	C:\WINDOWS\SYSTEM32\WSOCK32.dll
0x00007ffccd610000 - 0x00007ffccd67b000 	C:\WINDOWS\System32\WS2_32.dll
0x00007ffcc82a0000 - 0x00007ffcc82b2000 	C:\WINDOWS\SYSTEM32\kernel.appcore.dll
0x00007ffcbeb00000 - 0x00007ffcbeb11000 	C:\Program Files\Android\Android Studio\jre\bin\verify.dll
0x00007ffcca800000 - 0x00007ffcca9e4000 	C:\WINDOWS\SYSTEM32\DBGHELP.DLL
0x00007ffcca7b0000 - 0x00007ffcca7dc000 	C:\WINDOWS\SYSTEM32\dbgcore.DLL
0x00007ffccb070000 - 0x00007ffccb0f2000 	C:\WINDOWS\System32\bcryptPrimitives.dll
0x00007ffcbdba0000 - 0x00007ffcbdbc9000 	C:\Program Files\Android\Android Studio\jre\bin\java.dll
0x00007ffcc5fa0000 - 0x00007ffcc5fab000 	C:\Program Files\Android\Android Studio\jre\bin\jimage.dll
0x00007ffcbd310000 - 0x00007ffcbd328000 	C:\Program Files\Android\Android Studio\jre\bin\zip.dll
0x00007ffccc0c0000 - 0x00007ffccc803000 	C:\WINDOWS\System32\SHELL32.dll
0x00007ffcc8b30000 - 0x00007ffcc92c5000 	C:\WINDOWS\SYSTEM32\windows.storage.dll
0x00007ffccc9e0000 - 0x00007ffcccd34000 	C:\WINDOWS\System32\combase.dll
0x00007ffcca380000 - 0x00007ffcca3b0000 	C:\WINDOWS\SYSTEM32\Wldp.dll
0x00007ffccbb50000 - 0x00007ffccbbfd000 	C:\WINDOWS\System32\SHCORE.dll
0x00007ffcccf80000 - 0x00007ffcccfd5000 	C:\WINDOWS\System32\shlwapi.dll
0x00007ffccafb0000 - 0x00007ffccafcf000 	C:\WINDOWS\SYSTEM32\profapi.dll
0x00007ffcbcb70000 - 0x00007ffcbcb8a000 	C:\Program Files\Android\Android Studio\jre\bin\net.dll
0x00007ffcc5190000 - 0x00007ffcc529a000 	C:\WINDOWS\SYSTEM32\WINHTTP.dll
0x00007ffcca250000 - 0x00007ffcca2ba000 	C:\WINDOWS\system32\mswsock.dll
0x00007ffcbb320000 - 0x00007ffcbb334000 	C:\Program Files\Android\Android Studio\jre\bin\nio.dll
0x00007ffcb9b70000 - 0x00007ffcb9b97000 	C:\Users\Patel\.gradle\native\e1d6ef7f7dcc3fd88c89a11ec53ec762bb8ba0a96d01ffa2cd45eb1d1d8dd5c5\windows-amd64\native-platform.dll
0x00007ffca2120000 - 0x00007ffca2264000 	C:\Users\Patel\.gradle\native\0d407fdbe67a94daf76414ababcb853783967236a71b16ec16e742cd7a986fd3\windows-amd64\native-platform-file-events.dll
0x00007ffcc5730000 - 0x00007ffcc573a000 	C:\Program Files\Android\Android Studio\jre\bin\management.dll
0x00007ffcc1bb0000 - 0x00007ffcc1bbd000 	C:\Program Files\Android\Android Studio\jre\bin\management_ext.dll
0x00007ffccad30000 - 0x00007ffccad48000 	C:\WINDOWS\SYSTEM32\CRYPTSP.dll
0x00007ffcc9a80000 - 0x00007ffcc9ab4000 	C:\WINDOWS\system32\rsaenh.dll
0x00007ffccb5d0000 - 0x00007ffccb5f7000 	C:\WINDOWS\System32\bcrypt.dll
0x00007ffccaf70000 - 0x00007ffccaf9e000 	C:\WINDOWS\SYSTEM32\USERENV.dll
0x00007ffcca340000 - 0x00007ffcca34c000 	C:\WINDOWS\SYSTEM32\CRYPTBASE.dll
0x00007ffcc9dd0000 - 0x00007ffcc9e0b000 	C:\WINDOWS\SYSTEM32\IPHLPAPI.DLL
0x00007ffccbe90000 - 0x00007ffccbe98000 	C:\WINDOWS\System32\NSI.dll
0x00007ffcc42b0000 - 0x00007ffcc42c7000 	C:\WINDOWS\SYSTEM32\dhcpcsvc6.DLL
0x00007ffcc4710000 - 0x00007ffcc472d000 	C:\WINDOWS\SYSTEM32\dhcpcsvc.DLL
0x00007ffcc9e10000 - 0x00007ffcc9eda000 	C:\WINDOWS\SYSTEM32\DNSAPI.dll

dbghelp: loaded successfully - version: 4.0.5 - missing functions: none
symbol engine: initialized successfully - sym options: 0x614 - pdb path: .;C:\Program Files\Android\Android Studio\jre\bin;C:\WINDOWS\SYSTEM32;C:\WINDOWS\WinSxS\amd64_microsoft.windows.common-controls_6595b64144ccf1df_6.0.19041.1110_none_60b5254171f9507e;C:\Program Files\Android\Android Studio\jre\bin\server;C:\Users\Patel\.gradle\native\e1d6ef7f7dcc3fd88c89a11ec53ec762bb8ba0a96d01ffa2cd45eb1d1d8dd5c5\windows-amd64;C:\Users\Patel\.gradle\native\0d407fdbe67a94daf76414ababcb853783967236a71b16ec16e742cd7a986fd3\windows-amd64

VM Arguments:
jvm_args: --add-opens=java.base/java.util=ALL-UNNAMED --add-opens=java.base/java.lang=ALL-UNNAMED --add-opens=java.base/java.lang.invoke=ALL-UNNAMED --add-opens=java.base/java.util=ALL-UNNAMED --add-opens=java.prefs/java.util.prefs=ALL-UNNAMED --add-opens=java.prefs/java.util.prefs=ALL-UNNAMED --add-opens=java.base/java.nio.charset=ALL-UNNAMED --add-opens=java.base/java.net=ALL-UNNAMED --add-opens=java.base/java.util.concurrent.atomic=ALL-UNNAMED -Xmx2048m -Dfile.encoding=UTF-8 -Duser.country=IN -Duser.language=en -Duser.variant 
java_command: org.gradle.launcher.daemon.bootstrap.GradleDaemon 7.4
java_class_path (initial): C:\Users\Patel\.gradle\wrapper\dists\gradle-7.4-bin\c0gwcg53nkjbqw7r0h0umtfvt\gradle-7.4\lib\gradle-launcher-7.4.jar
Launcher Type: SUN_STANDARD

[Global flags]
     intx CICompilerCount                          = 3                                         {product} {ergonomic}
     uint ConcGCThreads                            = 1                                         {product} {ergonomic}
     uint G1ConcRefinementThreads                  = 4                                         {product} {ergonomic}
   size_t G1HeapRegionSize                         = 1048576                                   {product} {ergonomic}
    uintx GCDrainStackTargetSize                   = 64                                        {product} {ergonomic}
   size_t InitialHeapSize                          = 67108864                                  {product} {ergonomic}
   size_t MarkStackSize                            = 4194304                                   {product} {ergonomic}
   size_t MaxHeapSize                              = 2147483648                                {product} {command line}
   size_t MaxNewSize                               = 1287651328                                {product} {ergonomic}
   size_t MinHeapDeltaBytes                        = 1048576                                   {product} {ergonomic}
    uintx NonNMethodCodeHeapSize                   = 5830732                                {pd product} {ergonomic}
    uintx NonProfiledCodeHeapSize                  = 122913754                              {pd product} {ergonomic}
    uintx ProfiledCodeHeapSize                     = 122913754                              {pd product} {ergonomic}
    uintx ReservedCodeCacheSize                    = 251658240                              {pd product} {ergonomic}
     bool SegmentedCodeCache                       = true                                      {product} {ergonomic}
     bool UseCompressedClassPointers               = true                                 {lp64_product} {ergonomic}
     bool UseCompressedOops                        = true                                 {lp64_product} {ergonomic}
     bool UseG1GC                                  = true                                      {product} {ergonomic}
     bool UseLargePagesIndividualAllocation        = false                                  {pd product} {ergonomic}

Logging:
Log output configuration:
 #0: stdout all=warning uptime,level,tags
 #1: stderr all=off uptime,level,tags

Environment Variables:
PATH=C:\WINDOWS\system32;C:\WINDOWS;C:\WINDOWS\System32\Wbem;C:\WINDOWS\System32\WindowsPowerShell\v1.0\;C:\Program Files (x86)\Intel\OpenCL SDK\2.0\bin\x86;C:\Program Files (x86)\Intel\OpenCL SDK\2.0\bin\x64;C:\WINDOWS\System32\OpenSSH\;C:\Users\Patel\AppData\Local\Microsoft\WindowsApps;;C:\Program Files\JetBrains\IntelliJ IDEA Community Edition 2021.2.3\bin;
USERNAME=Patel
OS=Windows_NT
PROCESSOR_IDENTIFIER=Intel64 Family 6 Model 42 Stepping 7, GenuineIntel



---------------  S Y S T E M  ---------------

OS: Windows 10 , 64 bit Build 19041 (10.0.19041.1889)
OS uptime: 1 days 10:54 hours

CPU:total 4 (initial active 4) (2 cores per cpu, 2 threads per core) family 6 model 42 stepping 7 microcode 0x2f, cmov, cx8, fxsr, mmx, sse, sse2, sse3, ssse3, sse4.1, sse4.2, popcnt, avx, clmul, ht, tsc, tscinvbit

Memory: 4k page, system-wide physical 4004M (335M free)
TotalPageFile size 7485M (AvailPageFile size 2123M)
current process WorkingSet (physical memory assigned to process): 395M, peak: 460M
current process commit charge ("private bytes"): 632M, peak: 641M

vm_info: OpenJDK 64-Bit Server VM (11.0.13+0-b1751.21-8125866) for windows-amd64 JRE (11.0.13+0-b1751.21-8125866), built on Feb  2 2022 03:00:22 by "builder" with MS VC++ 14.0 (VS2015)

END.
